{"/home/saching/Desktop/GreenCommuteWIthTestingOfFinal/final/src/App.js": {"path":"/home/saching/Desktop/GreenCommuteWIthTestingOfFinal/final/src/App.js","statementMap":{"0":{"start":{"line":15,"column":12},"end":{"line":35,"column":1}},"1":{"start":{"line":16,"column":2},"end":{"line":34,"column":4}}},"fnMap":{"0":{"name":"(anonymous_0)","decl":{"start":{"line":15,"column":12},"end":{"line":15,"column":13}},"loc":{"start":{"line":15,"column":18},"end":{"line":35,"column":1}},"line":15}},"branchMap":{},"s":{"0":0,"1":0},"f":{"0":0},"b":{}}
,"/home/saching/Desktop/GreenCommuteWIthTestingOfFinal/final/src/Stuff.js": {"path":"/home/saching/Desktop/GreenCommuteWIthTestingOfFinal/final/src/Stuff.js","statementMap":{"0":{"start":{"line":5,"column":4},"end":{"line":18,"column":6}}},"fnMap":{"0":{"name":"Stuff","decl":{"start":{"line":3,"column":9},"end":{"line":3,"column":14}},"loc":{"start":{"line":3,"column":17},"end":{"line":19,"column":3}},"line":3}},"branchMap":{},"s":{"0":0},"f":{"0":0},"b":{}}
,"/home/saching/Desktop/GreenCommuteWIthTestingOfFinal/final/src/index.js": {"path":"/home/saching/Desktop/GreenCommuteWIthTestingOfFinal/final/src/index.js","statementMap":{"0":{"start":{"line":6,"column":0},"end":{"line":6,"column":56}}},"fnMap":{},"branchMap":{},"s":{"0":0},"f":{},"b":{}}
,"/home/saching/Desktop/GreenCommuteWIthTestingOfFinal/final/src/components/index.js": {"path":"/home/saching/Desktop/GreenCommuteWIthTestingOfFinal/final/src/components/index.js","statementMap":{},"fnMap":{},"branchMap":{},"s":{},"f":{},"b":{}}
,"/home/saching/Desktop/GreenCommuteWIthTestingOfFinal/final/src/components/theme.jsx": {"path":"/home/saching/Desktop/GreenCommuteWIthTestingOfFinal/final/src/components/theme.jsx","statementMap":{"0":{"start":{"line":3,"column":20},"end":{"line":276,"column":2}}},"fnMap":{},"branchMap":{},"s":{"0":6},"f":{},"b":{},"_coverageSchema":"1a1c01bbd47fc00a2c39e90264f33305004495a9","hash":"9b58f478f35733d75a530f05a042f91710576476"}
,"/home/saching/Desktop/GreenCommuteWIthTestingOfFinal/final/src/components/Organism/RightGrid/Right.js": {"path":"/home/saching/Desktop/GreenCommuteWIthTestingOfFinal/final/src/components/Organism/RightGrid/Right.js","statementMap":{"0":{"start":{"line":8,"column":14},"end":{"line":73,"column":1}},"1":{"start":{"line":10,"column":20},"end":{"line":57,"column":3}},"2":{"start":{"line":10,"column":43},"end":{"line":57,"column":1}},"3":{"start":{"line":59,"column":16},"end":{"line":59,"column":27}},"4":{"start":{"line":61,"column":2},"end":{"line":72,"column":4}}},"fnMap":{"0":{"name":"(anonymous_0)","decl":{"start":{"line":8,"column":14},"end":{"line":8,"column":15}},"loc":{"start":{"line":8,"column":100},"end":{"line":73,"column":1}},"line":8},"1":{"name":"(anonymous_1)","decl":{"start":{"line":10,"column":31},"end":{"line":10,"column":32}},"loc":{"start":{"line":10,"column":43},"end":{"line":57,"column":1}},"line":10}},"branchMap":{},"s":{"0":0,"1":0,"2":0,"3":0,"4":0},"f":{"0":0,"1":0},"b":{}}
,"/home/saching/Desktop/GreenCommuteWIthTestingOfFinal/final/src/components/Organism/RightGrid/Right.stories.js": {"path":"/home/saching/Desktop/GreenCommuteWIthTestingOfFinal/final/src/components/Organism/RightGrid/Right.stories.js","statementMap":{"0":{"start":{"line":9,"column":17},"end":{"line":9,"column":46}},"1":{"start":{"line":9,"column":27},"end":{"line":9,"column":46}},"2":{"start":{"line":11,"column":28},"end":{"line":11,"column":45}},"3":{"start":{"line":14,"column":0},"end":{"line":23,"column":2}}},"fnMap":{"0":{"name":"(anonymous_0)","decl":{"start":{"line":9,"column":17},"end":{"line":9,"column":18}},"loc":{"start":{"line":9,"column":27},"end":{"line":9,"column":46}},"line":9}},"branchMap":{},"s":{"0":0,"1":0,"2":0,"3":0},"f":{"0":0},"b":{}}
,"/home/saching/Desktop/GreenCommuteWIthTestingOfFinal/final/src/components/Organism/TopNavigation/TopNavigation.js": {"path":"/home/saching/Desktop/GreenCommuteWIthTestingOfFinal/final/src/components/Organism/TopNavigation/TopNavigation.js","statementMap":{"0":{"start":{"line":5,"column":22},"end":{"line":14,"column":3}},"1":{"start":{"line":7,"column":4},"end":{"line":13,"column":6}}},"fnMap":{"0":{"name":"(anonymous_0)","decl":{"start":{"line":5,"column":22},"end":{"line":5,"column":23}},"loc":{"start":{"line":5,"column":47},"end":{"line":14,"column":3}},"line":5}},"branchMap":{},"s":{"0":0,"1":0},"f":{"0":0},"b":{}}
,"/home/saching/Desktop/GreenCommuteWIthTestingOfFinal/final/src/components/Organism/TopNavigation/TopNavigation.stories.js": {"path":"/home/saching/Desktop/GreenCommuteWIthTestingOfFinal/final/src/components/Organism/TopNavigation/TopNavigation.stories.js","statementMap":{"0":{"start":{"line":10,"column":17},"end":{"line":10,"column":54}},"1":{"start":{"line":10,"column":27},"end":{"line":10,"column":54}},"2":{"start":{"line":12,"column":36},"end":{"line":12,"column":53}},"3":{"start":{"line":15,"column":0},"end":{"line":17,"column":2}}},"fnMap":{"0":{"name":"(anonymous_0)","decl":{"start":{"line":10,"column":17},"end":{"line":10,"column":18}},"loc":{"start":{"line":10,"column":27},"end":{"line":10,"column":54}},"line":10}},"branchMap":{},"s":{"0":0,"1":0,"2":0,"3":0},"f":{"0":0},"b":{}}
,"/home/saching/Desktop/GreenCommuteWIthTestingOfFinal/final/src/components/atoms/Checkbox/CheckBox.js": {"path":"/home/saching/Desktop/GreenCommuteWIthTestingOfFinal/final/src/components/atoms/Checkbox/CheckBox.js","statementMap":{"0":{"start":{"line":11,"column":32},"end":{"line":41,"column":12}}},"fnMap":{},"branchMap":{},"s":{"0":1},"f":{},"b":{},"_coverageSchema":"1a1c01bbd47fc00a2c39e90264f33305004495a9","hash":"4928cdbf34d003c66925d550825c27189ff8edc2"}
,"/home/saching/Desktop/GreenCommuteWIthTestingOfFinal/final/src/components/atoms/Checkbox/Checkbox.stories.js": {"path":"/home/saching/Desktop/GreenCommuteWIthTestingOfFinal/final/src/components/atoms/Checkbox/Checkbox.stories.js","statementMap":{"0":{"start":{"line":15,"column":17},"end":{"line":15,"column":63}},"1":{"start":{"line":15,"column":27},"end":{"line":15,"column":63}},"2":{"start":{"line":17,"column":23},"end":{"line":17,"column":40}}},"fnMap":{"0":{"name":"(anonymous_0)","decl":{"start":{"line":15,"column":17},"end":{"line":15,"column":18}},"loc":{"start":{"line":15,"column":27},"end":{"line":15,"column":63}},"line":15}},"branchMap":{},"s":{"0":0,"1":0,"2":0},"f":{"0":0},"b":{}}
,"/home/saching/Desktop/GreenCommuteWIthTestingOfFinal/final/src/components/atoms/MyImage/MyImage.js": {"path":"/home/saching/Desktop/GreenCommuteWIthTestingOfFinal/final/src/components/atoms/MyImage/MyImage.js","statementMap":{"0":{"start":{"line":4,"column":16},"end":{"line":8,"column":1}},"1":{"start":{"line":5,"column":4},"end":{"line":7,"column":6}}},"fnMap":{"0":{"name":"(anonymous_0)","decl":{"start":{"line":4,"column":16},"end":{"line":4,"column":17}},"loc":{"start":{"line":4,"column":59},"end":{"line":8,"column":1}},"line":4}},"branchMap":{},"s":{"0":1,"1":1},"f":{"0":1},"b":{},"_coverageSchema":"1a1c01bbd47fc00a2c39e90264f33305004495a9","hash":"4ddf5ebd5481ade0a0708b35e08d9be7e1fe746a"}
,"/home/saching/Desktop/GreenCommuteWIthTestingOfFinal/final/src/components/atoms/MyImage/MyImage.stories.js": {"path":"/home/saching/Desktop/GreenCommuteWIthTestingOfFinal/final/src/components/atoms/MyImage/MyImage.stories.js","statementMap":{"0":{"start":{"line":9,"column":17},"end":{"line":9,"column":48}},"1":{"start":{"line":9,"column":27},"end":{"line":9,"column":48}},"2":{"start":{"line":11,"column":30},"end":{"line":11,"column":47}},"3":{"start":{"line":13,"column":0},"end":{"line":18,"column":2}},"4":{"start":{"line":20,"column":31},"end":{"line":20,"column":48}},"5":{"start":{"line":22,"column":0},"end":{"line":27,"column":2}},"6":{"start":{"line":29,"column":32},"end":{"line":29,"column":49}},"7":{"start":{"line":31,"column":0},"end":{"line":36,"column":2}},"8":{"start":{"line":38,"column":31},"end":{"line":38,"column":48}},"9":{"start":{"line":40,"column":0},"end":{"line":45,"column":2}},"10":{"start":{"line":47,"column":29},"end":{"line":47,"column":46}},"11":{"start":{"line":49,"column":0},"end":{"line":55,"column":2}}},"fnMap":{"0":{"name":"(anonymous_0)","decl":{"start":{"line":9,"column":17},"end":{"line":9,"column":18}},"loc":{"start":{"line":9,"column":27},"end":{"line":9,"column":48}},"line":9}},"branchMap":{},"s":{"0":0,"1":0,"2":0,"3":0,"4":0,"5":0,"6":0,"7":0,"8":0,"9":0,"10":0,"11":0},"f":{"0":0},"b":{}}
,"/home/saching/Desktop/GreenCommuteWIthTestingOfFinal/final/src/components/atoms/MyTypography/MyTypography.js": {"path":"/home/saching/Desktop/GreenCommuteWIthTestingOfFinal/final/src/components/atoms/MyTypography/MyTypography.js","statementMap":{"0":{"start":{"line":4,"column":21},"end":{"line":8,"column":1}},"1":{"start":{"line":5,"column":4},"end":{"line":7,"column":6}}},"fnMap":{"0":{"name":"(anonymous_0)","decl":{"start":{"line":4,"column":21},"end":{"line":4,"column":22}},"loc":{"start":{"line":4,"column":53},"end":{"line":8,"column":1}},"line":4}},"branchMap":{},"s":{"0":4,"1":1},"f":{"0":1},"b":{},"_coverageSchema":"1a1c01bbd47fc00a2c39e90264f33305004495a9","hash":"a7073e904e15bf6c926280aaef9d3530fc1df203"}
,"/home/saching/Desktop/GreenCommuteWIthTestingOfFinal/final/src/components/atoms/MyTypography/MyTypography.stories.js": {"path":"/home/saching/Desktop/GreenCommuteWIthTestingOfFinal/final/src/components/atoms/MyTypography/MyTypography.stories.js","statementMap":{"0":{"start":{"line":9,"column":17},"end":{"line":9,"column":53}},"1":{"start":{"line":9,"column":27},"end":{"line":9,"column":53}},"2":{"start":{"line":11,"column":23},"end":{"line":11,"column":40}},"3":{"start":{"line":13,"column":0},"end":{"line":25,"column":2}},"4":{"start":{"line":27,"column":28},"end":{"line":27,"column":45}},"5":{"start":{"line":29,"column":0},"end":{"line":40,"column":2}},"6":{"start":{"line":42,"column":36},"end":{"line":42,"column":53}},"7":{"start":{"line":44,"column":0},"end":{"line":55,"column":2}},"8":{"start":{"line":57,"column":30},"end":{"line":57,"column":47}},"9":{"start":{"line":59,"column":0},"end":{"line":69,"column":2}},"10":{"start":{"line":73,"column":25},"end":{"line":73,"column":42}},"11":{"start":{"line":75,"column":0},"end":{"line":86,"column":2}},"12":{"start":{"line":88,"column":30},"end":{"line":88,"column":47}},"13":{"start":{"line":90,"column":0},"end":{"line":100,"column":2}},"14":{"start":{"line":102,"column":38},"end":{"line":102,"column":55}},"15":{"start":{"line":104,"column":0},"end":{"line":114,"column":2}},"16":{"start":{"line":118,"column":24},"end":{"line":118,"column":41}},"17":{"start":{"line":120,"column":0},"end":{"line":130,"column":2}},"18":{"start":{"line":131,"column":29},"end":{"line":131,"column":46}},"19":{"start":{"line":133,"column":0},"end":{"line":142,"column":2}},"20":{"start":{"line":143,"column":37},"end":{"line":143,"column":54}},"21":{"start":{"line":145,"column":0},"end":{"line":154,"column":2}}},"fnMap":{"0":{"name":"(anonymous_0)","decl":{"start":{"line":9,"column":17},"end":{"line":9,"column":18}},"loc":{"start":{"line":9,"column":27},"end":{"line":9,"column":53}},"line":9}},"branchMap":{},"s":{"0":0,"1":0,"2":0,"3":0,"4":0,"5":0,"6":0,"7":0,"8":0,"9":0,"10":0,"11":0,"12":0,"13":0,"14":0,"15":0,"16":0,"17":0,"18":0,"19":0,"20":0,"21":0},"f":{"0":0},"b":{}}
,"/home/saching/Desktop/GreenCommuteWIthTestingOfFinal/final/src/components/atoms/button/CustomButton.js": {"path":"/home/saching/Desktop/GreenCommuteWIthTestingOfFinal/final/src/components/atoms/button/CustomButton.js","statementMap":{"0":{"start":{"line":6,"column":17},"end":{"line":16,"column":1}},"1":{"start":{"line":7,"column":2},"end":{"line":7,"column":23}},"2":{"start":{"line":8,"column":2},"end":{"line":15,"column":4}}},"fnMap":{"0":{"name":"(anonymous_0)","decl":{"start":{"line":6,"column":17},"end":{"line":6,"column":18}},"loc":{"start":{"line":6,"column":51},"end":{"line":16,"column":1}},"line":6}},"branchMap":{},"s":{"0":2,"1":9,"2":9},"f":{"0":9},"b":{},"_coverageSchema":"1a1c01bbd47fc00a2c39e90264f33305004495a9","hash":"3ebdf3a140110138cea060530653496f59032298"}
,"/home/saching/Desktop/GreenCommuteWIthTestingOfFinal/final/src/components/atoms/button/CustomButton.stories.js": {"path":"/home/saching/Desktop/GreenCommuteWIthTestingOfFinal/final/src/components/atoms/button/CustomButton.stories.js","statementMap":{"0":{"start":{"line":12,"column":17},"end":{"line":12,"column":49}},"1":{"start":{"line":12,"column":27},"end":{"line":12,"column":49}},"2":{"start":{"line":14,"column":23},"end":{"line":14,"column":40}},"3":{"start":{"line":15,"column":0},"end":{"line":20,"column":2}},"4":{"start":{"line":22,"column":25},"end":{"line":22,"column":42}},"5":{"start":{"line":23,"column":0},"end":{"line":28,"column":2}}},"fnMap":{"0":{"name":"(anonymous_0)","decl":{"start":{"line":12,"column":17},"end":{"line":12,"column":18}},"loc":{"start":{"line":12,"column":27},"end":{"line":12,"column":49}},"line":12}},"branchMap":{},"s":{"0":0,"1":0,"2":0,"3":0,"4":0,"5":0},"f":{"0":0},"b":{}}
,"/home/saching/Desktop/GreenCommuteWIthTestingOfFinal/final/src/components/atoms/icons/CustomisedIcon.jsx": {"path":"/home/saching/Desktop/GreenCommuteWIthTestingOfFinal/final/src/components/atoms/icons/CustomisedIcon.jsx","statementMap":{"0":{"start":{"line":5,"column":18},"end":{"line":10,"column":3}},"1":{"start":{"line":5,"column":41},"end":{"line":10,"column":1}},"2":{"start":{"line":15,"column":4},"end":{"line":19,"column":6}}},"fnMap":{"0":{"name":"(anonymous_0)","decl":{"start":{"line":5,"column":29},"end":{"line":5,"column":30}},"loc":{"start":{"line":5,"column":41},"end":{"line":10,"column":1}},"line":5},"1":{"name":"CustomisedIcon","decl":{"start":{"line":13,"column":24},"end":{"line":13,"column":38}},"loc":{"start":{"line":13,"column":62},"end":{"line":20,"column":1}},"line":13}},"branchMap":{},"s":{"0":0,"1":0,"2":0},"f":{"0":0,"1":0},"b":{}}
,"/home/saching/Desktop/GreenCommuteWIthTestingOfFinal/final/src/components/atoms/stepperTab/CustomStepperTab.js": {"path":"/home/saching/Desktop/GreenCommuteWIthTestingOfFinal/final/src/components/atoms/stepperTab/CustomStepperTab.js","statementMap":{"0":{"start":{"line":9,"column":23},"end":{"line":25,"column":19}},"1":{"start":{"line":27,"column":18},"end":{"line":42,"column":5}},"2":{"start":{"line":27,"column":41},"end":{"line":42,"column":3}},"3":{"start":{"line":45,"column":40},"end":{"line":45,"column":57}},"4":{"start":{"line":46,"column":34},"end":{"line":46,"column":59}},"5":{"start":{"line":47,"column":18},"end":{"line":47,"column":28}},"6":{"start":{"line":49,"column":27},"end":{"line":51,"column":5}},"7":{"start":{"line":50,"column":6},"end":{"line":50,"column":24}},"8":{"start":{"line":53,"column":26},"end":{"line":55,"column":5}},"9":{"start":{"line":54,"column":6},"end":{"line":54,"column":31}},"10":{"start":{"line":57,"column":23},"end":{"line":66,"column":5}},"11":{"start":{"line":58,"column":23},"end":{"line":58,"column":30}},"12":{"start":{"line":59,"column":6},"end":{"line":62,"column":7}},"13":{"start":{"line":60,"column":8},"end":{"line":60,"column":50}},"14":{"start":{"line":61,"column":8},"end":{"line":61,"column":38}},"15":{"start":{"line":64,"column":6},"end":{"line":64,"column":60}},"16":{"start":{"line":64,"column":40},"end":{"line":64,"column":58}},"17":{"start":{"line":65,"column":6},"end":{"line":65,"column":29}},"18":{"start":{"line":68,"column":23},"end":{"line":70,"column":5}},"19":{"start":{"line":69,"column":6},"end":{"line":69,"column":60}},"20":{"start":{"line":69,"column":40},"end":{"line":69,"column":58}},"21":{"start":{"line":72,"column":23},"end":{"line":85,"column":5}},"22":{"start":{"line":73,"column":6},"end":{"line":77,"column":7}},"23":{"start":{"line":76,"column":8},"end":{"line":76,"column":70}},"24":{"start":{"line":79,"column":6},"end":{"line":79,"column":60}},"25":{"start":{"line":79,"column":40},"end":{"line":79,"column":58}},"26":{"start":{"line":80,"column":6},"end":{"line":84,"column":9}},"27":{"start":{"line":81,"column":27},"end":{"line":81,"column":56}},"28":{"start":{"line":82,"column":8},"end":{"line":82,"column":35}},"29":{"start":{"line":83,"column":8},"end":{"line":83,"column":26}},"30":{"start":{"line":87,"column":24},"end":{"line":89,"column":5}},"31":{"start":{"line":88,"column":6},"end":{"line":88,"column":23}},"32":{"start":{"line":91,"column":4},"end":{"line":111,"column":6}},"33":{"start":{"line":96,"column":34},"end":{"line":96,"column":36}},"34":{"start":{"line":97,"column":35},"end":{"line":97,"column":37}},"35":{"start":{"line":99,"column":16},"end":{"line":101,"column":17}},"36":{"start":{"line":100,"column":16},"end":{"line":100,"column":44}},"37":{"start":{"line":102,"column":16},"end":{"line":106,"column":18}}},"fnMap":{"0":{"name":"(anonymous_0)","decl":{"start":{"line":27,"column":29},"end":{"line":27,"column":30}},"loc":{"start":{"line":27,"column":41},"end":{"line":42,"column":3}},"line":27},"1":{"name":"HorizontalLinearStepper","decl":{"start":{"line":44,"column":24},"end":{"line":44,"column":47}},"loc":{"start":{"line":44,"column":55},"end":{"line":112,"column":3}},"line":44},"2":{"name":"(anonymous_2)","decl":{"start":{"line":49,"column":27},"end":{"line":49,"column":28}},"loc":{"start":{"line":49,"column":37},"end":{"line":51,"column":5}},"line":49},"3":{"name":"(anonymous_3)","decl":{"start":{"line":53,"column":26},"end":{"line":53,"column":27}},"loc":{"start":{"line":53,"column":36},"end":{"line":55,"column":5}},"line":53},"4":{"name":"(anonymous_4)","decl":{"start":{"line":57,"column":23},"end":{"line":57,"column":24}},"loc":{"start":{"line":57,"column":29},"end":{"line":66,"column":5}},"line":57},"5":{"name":"(anonymous_5)","decl":{"start":{"line":64,"column":20},"end":{"line":64,"column":21}},"loc":{"start":{"line":64,"column":40},"end":{"line":64,"column":58}},"line":64},"6":{"name":"(anonymous_6)","decl":{"start":{"line":68,"column":23},"end":{"line":68,"column":24}},"loc":{"start":{"line":68,"column":29},"end":{"line":70,"column":5}},"line":68},"7":{"name":"(anonymous_7)","decl":{"start":{"line":69,"column":20},"end":{"line":69,"column":21}},"loc":{"start":{"line":69,"column":40},"end":{"line":69,"column":58}},"line":69},"8":{"name":"(anonymous_8)","decl":{"start":{"line":72,"column":23},"end":{"line":72,"column":24}},"loc":{"start":{"line":72,"column":29},"end":{"line":85,"column":5}},"line":72},"9":{"name":"(anonymous_9)","decl":{"start":{"line":79,"column":20},"end":{"line":79,"column":21}},"loc":{"start":{"line":79,"column":40},"end":{"line":79,"column":58}},"line":79},"10":{"name":"(anonymous_10)","decl":{"start":{"line":80,"column":17},"end":{"line":80,"column":18}},"loc":{"start":{"line":80,"column":34},"end":{"line":84,"column":7}},"line":80},"11":{"name":"(anonymous_11)","decl":{"start":{"line":87,"column":24},"end":{"line":87,"column":25}},"loc":{"start":{"line":87,"column":30},"end":{"line":89,"column":5}},"line":87},"12":{"name":"(anonymous_12)","decl":{"start":{"line":95,"column":23},"end":{"line":95,"column":24}},"loc":{"start":{"line":95,"column":41},"end":{"line":107,"column":13}},"line":95}},"branchMap":{"0":{"loc":{"start":{"line":59,"column":6},"end":{"line":62,"column":7}},"type":"if","locations":[{"start":{"line":59,"column":6},"end":{"line":62,"column":7}},{"start":{"line":59,"column":6},"end":{"line":62,"column":7}}],"line":59},"1":{"loc":{"start":{"line":73,"column":6},"end":{"line":77,"column":7}},"type":"if","locations":[{"start":{"line":73,"column":6},"end":{"line":77,"column":7}},{"start":{"line":73,"column":6},"end":{"line":77,"column":7}}],"line":73},"2":{"loc":{"start":{"line":99,"column":16},"end":{"line":101,"column":17}},"type":"if","locations":[{"start":{"line":99,"column":16},"end":{"line":101,"column":17}},{"start":{"line":99,"column":16},"end":{"line":101,"column":17}}],"line":99}},"s":{"0":0,"1":0,"2":0,"3":0,"4":0,"5":0,"6":0,"7":0,"8":0,"9":0,"10":0,"11":0,"12":0,"13":0,"14":0,"15":0,"16":0,"17":0,"18":0,"19":0,"20":0,"21":0,"22":0,"23":0,"24":0,"25":0,"26":0,"27":0,"28":0,"29":0,"30":0,"31":0,"32":0,"33":0,"34":0,"35":0,"36":0,"37":0},"f":{"0":0,"1":0,"2":0,"3":0,"4":0,"5":0,"6":0,"7":0,"8":0,"9":0,"10":0,"11":0,"12":0},"b":{"0":[0,0],"1":[0,0],"2":[0,0]}}
,"/home/saching/Desktop/GreenCommuteWIthTestingOfFinal/final/src/components/atoms/stepperTab/CustomStepperTab.stories.js": {"path":"/home/saching/Desktop/GreenCommuteWIthTestingOfFinal/final/src/components/atoms/stepperTab/CustomStepperTab.stories.js","statementMap":{"0":{"start":{"line":8,"column":17},"end":{"line":8,"column":64}},"1":{"start":{"line":8,"column":27},"end":{"line":8,"column":64}},"2":{"start":{"line":10,"column":23},"end":{"line":10,"column":40}},"3":{"start":{"line":11,"column":0},"end":{"line":13,"column":2}}},"fnMap":{"0":{"name":"(anonymous_0)","decl":{"start":{"line":8,"column":17},"end":{"line":8,"column":18}},"loc":{"start":{"line":8,"column":27},"end":{"line":8,"column":64}},"line":8}},"branchMap":{},"s":{"0":0,"1":0,"2":0,"3":0},"f":{"0":0},"b":{}}
,"/home/saching/Desktop/GreenCommuteWIthTestingOfFinal/final/src/components/molecules/CustomTextField/CustomTextField.js": {"path":"/home/saching/Desktop/GreenCommuteWIthTestingOfFinal/final/src/components/molecules/CustomTextField/CustomTextField.js","statementMap":{"0":{"start":{"line":7,"column":24},"end":{"line":26,"column":1}},"1":{"start":{"line":9,"column":2},"end":{"line":25,"column":4}}},"fnMap":{"0":{"name":"(anonymous_0)","decl":{"start":{"line":7,"column":24},"end":{"line":7,"column":25}},"loc":{"start":{"line":7,"column":51},"end":{"line":26,"column":1}},"line":7}},"branchMap":{},"s":{"0":1,"1":1},"f":{"0":1},"b":{},"_coverageSchema":"1a1c01bbd47fc00a2c39e90264f33305004495a9","hash":"38fe1d5502095a510ca8429849a25ee46a17c63e"}
,"/home/saching/Desktop/GreenCommuteWIthTestingOfFinal/final/src/components/molecules/CustomTextField/CustomTextField.stories.js": {"path":"/home/saching/Desktop/GreenCommuteWIthTestingOfFinal/final/src/components/molecules/CustomTextField/CustomTextField.stories.js","statementMap":{"0":{"start":{"line":9,"column":17},"end":{"line":9,"column":56}},"1":{"start":{"line":9,"column":27},"end":{"line":9,"column":56}},"2":{"start":{"line":10,"column":23},"end":{"line":10,"column":40}},"3":{"start":{"line":12,"column":0},"end":{"line":14,"column":1}}},"fnMap":{"0":{"name":"(anonymous_0)","decl":{"start":{"line":9,"column":17},"end":{"line":9,"column":18}},"loc":{"start":{"line":9,"column":27},"end":{"line":9,"column":56}},"line":9}},"branchMap":{},"s":{"0":0,"1":0,"2":0,"3":0},"f":{"0":0},"b":{}}
,"/home/saching/Desktop/GreenCommuteWIthTestingOfFinal/final/src/components/molecules/DescriptionCard/DescriptionCard.js": {"path":"/home/saching/Desktop/GreenCommuteWIthTestingOfFinal/final/src/components/molecules/DescriptionCard/DescriptionCard.js","statementMap":{"0":{"start":{"line":7,"column":23},"end":{"line":18,"column":1}},"1":{"start":{"line":9,"column":1},"end":{"line":16,"column":2}}},"fnMap":{"0":{"name":"(anonymous_0)","decl":{"start":{"line":7,"column":23},"end":{"line":7,"column":24}},"loc":{"start":{"line":7,"column":41},"end":{"line":18,"column":1}},"line":7}},"branchMap":{},"s":{"0":1,"1":2},"f":{"0":2},"b":{},"_coverageSchema":"1a1c01bbd47fc00a2c39e90264f33305004495a9","hash":"41739ffed7cfc74c23ec7c08e5b9683e44c5ea67"}
,"/home/saching/Desktop/GreenCommuteWIthTestingOfFinal/final/src/components/molecules/DescriptionCard/DescriptionCard.stories.js": {"path":"/home/saching/Desktop/GreenCommuteWIthTestingOfFinal/final/src/components/molecules/DescriptionCard/DescriptionCard.stories.js","statementMap":{"0":{"start":{"line":9,"column":17},"end":{"line":9,"column":56}},"1":{"start":{"line":9,"column":27},"end":{"line":9,"column":56}},"2":{"start":{"line":11,"column":37},"end":{"line":11,"column":54}},"3":{"start":{"line":14,"column":0},"end":{"line":18,"column":2}},"4":{"start":{"line":20,"column":39},"end":{"line":20,"column":56}},"5":{"start":{"line":23,"column":0},"end":{"line":27,"column":2}}},"fnMap":{"0":{"name":"(anonymous_0)","decl":{"start":{"line":9,"column":17},"end":{"line":9,"column":18}},"loc":{"start":{"line":9,"column":27},"end":{"line":9,"column":56}},"line":9}},"branchMap":{},"s":{"0":0,"1":0,"2":0,"3":0,"4":0,"5":0},"f":{"0":0},"b":{}}
,"/home/saching/Desktop/GreenCommuteWIthTestingOfFinal/final/src/components/molecules/DescriptionList/DescriptionList.js": {"path":"/home/saching/Desktop/GreenCommuteWIthTestingOfFinal/final/src/components/molecules/DescriptionList/DescriptionList.js","statementMap":{"0":{"start":{"line":7,"column":23},"end":{"line":42,"column":1}},"1":{"start":{"line":8,"column":18},"end":{"line":16,"column":3}},"2":{"start":{"line":8,"column":41},"end":{"line":16,"column":1}},"3":{"start":{"line":19,"column":20},"end":{"line":19,"column":31}},"4":{"start":{"line":20,"column":17},"end":{"line":20,"column":44}},"5":{"start":{"line":21,"column":15},"end":{"line":21,"column":34}},"6":{"start":{"line":22,"column":1},"end":{"line":40,"column":2}},"7":{"start":{"line":28,"column":11},"end":{"line":28,"column":164}}},"fnMap":{"0":{"name":"(anonymous_0)","decl":{"start":{"line":7,"column":23},"end":{"line":7,"column":24}},"loc":{"start":{"line":7,"column":42},"end":{"line":42,"column":1}},"line":7},"1":{"name":"(anonymous_1)","decl":{"start":{"line":8,"column":29},"end":{"line":8,"column":30}},"loc":{"start":{"line":8,"column":41},"end":{"line":16,"column":1}},"line":8},"2":{"name":"(anonymous_2)","decl":{"start":{"line":27,"column":20},"end":{"line":27,"column":21}},"loc":{"start":{"line":28,"column":11},"end":{"line":28,"column":164}},"line":28}},"branchMap":{},"s":{"0":1,"1":16,"2":16,"3":16,"4":16,"5":0,"6":0,"7":0},"f":{"0":16,"1":16,"2":0},"b":{},"_coverageSchema":"1a1c01bbd47fc00a2c39e90264f33305004495a9","hash":"4351962e69619543aaa1a708030c59841df4ef8e"}
,"/home/saching/Desktop/GreenCommuteWIthTestingOfFinal/final/src/components/molecules/DescriptionList/DescriptionList.stories.js": {"path":"/home/saching/Desktop/GreenCommuteWIthTestingOfFinal/final/src/components/molecules/DescriptionList/DescriptionList.stories.js","statementMap":{"0":{"start":{"line":9,"column":17},"end":{"line":9,"column":56}},"1":{"start":{"line":9,"column":27},"end":{"line":9,"column":56}},"2":{"start":{"line":11,"column":37},"end":{"line":11,"column":54}},"3":{"start":{"line":14,"column":0},"end":{"line":18,"column":2}}},"fnMap":{"0":{"name":"(anonymous_0)","decl":{"start":{"line":9,"column":17},"end":{"line":9,"column":18}},"loc":{"start":{"line":9,"column":27},"end":{"line":9,"column":56}},"line":9}},"branchMap":{},"s":{"0":0,"1":0,"2":0,"3":0},"f":{"0":0},"b":{}}
,"/home/saching/Desktop/GreenCommuteWIthTestingOfFinal/final/src/components/molecules/FilterBox/FilterBox.js": {"path":"/home/saching/Desktop/GreenCommuteWIthTestingOfFinal/final/src/components/molecules/FilterBox/FilterBox.js","statementMap":{"0":{"start":{"line":89,"column":15},"end":{"line":100,"column":2}},"1":{"start":{"line":89,"column":27},"end":{"line":100,"column":1}},"2":{"start":{"line":102,"column":18},"end":{"line":148,"column":3}},"3":{"start":{"line":102,"column":41},"end":{"line":148,"column":1}},"4":{"start":{"line":151,"column":34},"end":{"line":251,"column":4}},"5":{"start":{"line":279,"column":21},"end":{"line":288,"column":66}},"6":{"start":{"line":288,"column":16},"end":{"line":288,"column":65}},"7":{"start":{"line":295,"column":20},"end":{"line":313,"column":2}},"8":{"start":{"line":296,"column":50},"end":{"line":296,"column":55}},"9":{"start":{"line":297,"column":25},"end":{"line":297,"column":36}},"10":{"start":{"line":298,"column":1},"end":{"line":312,"column":3}},"11":{"start":{"line":315,"column":22},"end":{"line":320,"column":21}},"12":{"start":{"line":315,"column":45},"end":{"line":320,"column":1}},"13":{"start":{"line":323,"column":25},"end":{"line":323,"column":40}},"14":{"start":{"line":324,"column":25},"end":{"line":324,"column":36}},"15":{"start":{"line":326,"column":25},"end":{"line":328,"column":2}},"16":{"start":{"line":327,"column":2},"end":{"line":327,"column":16}},"17":{"start":{"line":329,"column":21},"end":{"line":332,"column":2}},"18":{"start":{"line":330,"column":2},"end":{"line":330,"column":17}},"19":{"start":{"line":334,"column":30},"end":{"line":334,"column":42}},"20":{"start":{"line":335,"column":19},"end":{"line":351,"column":2}},"21":{"start":{"line":336,"column":11},"end":{"line":336,"column":19}},"22":{"start":{"line":337,"column":2},"end":{"line":347,"column":3}},"23":{"start":{"line":338,"column":2},"end":{"line":338,"column":26}},"24":{"start":{"line":339,"column":2},"end":{"line":339,"column":19}},"25":{"start":{"line":340,"column":2},"end":{"line":340,"column":24}},"26":{"start":{"line":344,"column":3},"end":{"line":344,"column":53}},"27":{"start":{"line":344,"column":30},"end":{"line":344,"column":52}},"28":{"start":{"line":345,"column":3},"end":{"line":345,"column":20}},"29":{"start":{"line":346,"column":3},"end":{"line":346,"column":25}},"30":{"start":{"line":352,"column":1},"end":{"line":355,"column":5}},"31":{"start":{"line":357,"column":23},"end":{"line":359,"column":2}},"32":{"start":{"line":358,"column":2},"end":{"line":358,"column":17}},"33":{"start":{"line":360,"column":27},"end":{"line":363,"column":5}},"34":{"start":{"line":365,"column":24},"end":{"line":367,"column":4}},"35":{"start":{"line":365,"column":34},"end":{"line":367,"column":4}},"36":{"start":{"line":366,"column":2},"end":{"line":366,"column":55}},"37":{"start":{"line":369,"column":1},"end":{"line":575,"column":3}}},"fnMap":{"0":{"name":"(anonymous_0)","decl":{"start":{"line":89,"column":15},"end":{"line":89,"column":16}},"loc":{"start":{"line":89,"column":27},"end":{"line":100,"column":1}},"line":89},"1":{"name":"(anonymous_1)","decl":{"start":{"line":102,"column":29},"end":{"line":102,"column":30}},"loc":{"start":{"line":102,"column":41},"end":{"line":148,"column":1}},"line":102},"2":{"name":"(anonymous_2)","decl":{"start":{"line":288,"column":5},"end":{"line":288,"column":6}},"loc":{"start":{"line":288,"column":16},"end":{"line":288,"column":65}},"line":288},"3":{"name":"(anonymous_3)","decl":{"start":{"line":295,"column":39},"end":{"line":295,"column":40}},"loc":{"start":{"line":295,"column":50},"end":{"line":313,"column":1}},"line":295},"4":{"name":"(anonymous_4)","decl":{"start":{"line":315,"column":33},"end":{"line":315,"column":34}},"loc":{"start":{"line":315,"column":45},"end":{"line":320,"column":1}},"line":315},"5":{"name":"FilterBox","decl":{"start":{"line":322,"column":24},"end":{"line":322,"column":33}},"loc":{"start":{"line":322,"column":36},"end":{"line":576,"column":1}},"line":322},"6":{"name":"(anonymous_6)","decl":{"start":{"line":326,"column":25},"end":{"line":326,"column":26}},"loc":{"start":{"line":326,"column":31},"end":{"line":328,"column":2}},"line":326},"7":{"name":"(anonymous_7)","decl":{"start":{"line":329,"column":21},"end":{"line":329,"column":22}},"loc":{"start":{"line":329,"column":27},"end":{"line":332,"column":2}},"line":329},"8":{"name":"(anonymous_8)","decl":{"start":{"line":335,"column":19},"end":{"line":335,"column":20}},"loc":{"start":{"line":335,"column":24},"end":{"line":351,"column":2}},"line":335},"9":{"name":"(anonymous_9)","decl":{"start":{"line":344,"column":22},"end":{"line":344,"column":23}},"loc":{"start":{"line":344,"column":30},"end":{"line":344,"column":52}},"line":344},"10":{"name":"(anonymous_10)","decl":{"start":{"line":352,"column":11},"end":{"line":352,"column":12}},"loc":{"start":{"line":352,"column":15},"end":{"line":354,"column":4}},"line":352},"11":{"name":"(anonymous_11)","decl":{"start":{"line":357,"column":23},"end":{"line":357,"column":24}},"loc":{"start":{"line":357,"column":29},"end":{"line":359,"column":2}},"line":357},"12":{"name":"(anonymous_12)","decl":{"start":{"line":365,"column":24},"end":{"line":365,"column":25}},"loc":{"start":{"line":365,"column":34},"end":{"line":367,"column":4}},"line":365},"13":{"name":"(anonymous_13)","decl":{"start":{"line":365,"column":34},"end":{"line":365,"column":35}},"loc":{"start":{"line":365,"column":45},"end":{"line":367,"column":4}},"line":365}},"branchMap":{"0":{"loc":{"start":{"line":301,"column":4},"end":{"line":309,"column":11}},"type":"cond-expr","locations":[{"start":{"line":302,"column":4},"end":{"line":308,"column":17}},{"start":{"line":309,"column":7},"end":{"line":309,"column":11}}],"line":301},"1":{"loc":{"start":{"line":337,"column":2},"end":{"line":347,"column":3}},"type":"if","locations":[{"start":{"line":337,"column":2},"end":{"line":347,"column":3}},{"start":{"line":337,"column":2},"end":{"line":347,"column":3}}],"line":337}},"s":{"0":0,"1":0,"2":0,"3":0,"4":0,"5":0,"6":0,"7":0,"8":0,"9":0,"10":0,"11":0,"12":0,"13":0,"14":0,"15":0,"16":0,"17":0,"18":0,"19":0,"20":0,"21":0,"22":0,"23":0,"24":0,"25":0,"26":0,"27":0,"28":0,"29":0,"30":0,"31":0,"32":0,"33":0,"34":0,"35":0,"36":0,"37":0},"f":{"0":0,"1":0,"2":0,"3":0,"4":0,"5":0,"6":0,"7":0,"8":0,"9":0,"10":0,"11":0,"12":0,"13":0},"b":{"0":[0,0],"1":[0,0]}}
,"/home/saching/Desktop/GreenCommuteWIthTestingOfFinal/final/src/components/molecules/FilterBox/FilterBox.stories.js": {"path":"/home/saching/Desktop/GreenCommuteWIthTestingOfFinal/final/src/components/molecules/FilterBox/FilterBox.stories.js","statementMap":{"0":{"start":{"line":10,"column":17},"end":{"line":10,"column":50}},"1":{"start":{"line":10,"column":27},"end":{"line":10,"column":50}},"2":{"start":{"line":12,"column":32},"end":{"line":12,"column":49}},"3":{"start":{"line":15,"column":0},"end":{"line":16,"column":2}}},"fnMap":{"0":{"name":"(anonymous_0)","decl":{"start":{"line":10,"column":17},"end":{"line":10,"column":18}},"loc":{"start":{"line":10,"column":27},"end":{"line":10,"column":50}},"line":10}},"branchMap":{},"s":{"0":0,"1":0,"2":0,"3":0},"f":{"0":0},"b":{}}
,"/home/saching/Desktop/GreenCommuteWIthTestingOfFinal/final/src/components/molecules/FilterOptions/FilterOptions.js": {"path":"/home/saching/Desktop/GreenCommuteWIthTestingOfFinal/final/src/components/molecules/FilterOptions/FilterOptions.js","statementMap":{"0":{"start":{"line":13,"column":20},"end":{"line":76,"column":3}},"1":{"start":{"line":13,"column":43},"end":{"line":76,"column":1}},"2":{"start":{"line":77,"column":24},"end":{"line":77,"column":38}},"3":{"start":{"line":78,"column":20},"end":{"line":83,"column":1}},"4":{"start":{"line":81,"column":2},"end":{"line":81,"column":17}},"5":{"start":{"line":84,"column":25},"end":{"line":84,"column":43}},"6":{"start":{"line":85,"column":17},"end":{"line":90,"column":1}},"7":{"start":{"line":86,"column":2},"end":{"line":86,"column":16}},"8":{"start":{"line":87,"column":2},"end":{"line":87,"column":22}},"9":{"start":{"line":88,"column":3},"end":{"line":88,"column":23}},"10":{"start":{"line":92,"column":18},"end":{"line":101,"column":1}},"11":{"start":{"line":93,"column":11},"end":{"line":93,"column":17}},"12":{"start":{"line":95,"column":2},"end":{"line":95,"column":72}},"13":{"start":{"line":95,"column":29},"end":{"line":95,"column":70}},"14":{"start":{"line":97,"column":2},"end":{"line":97,"column":20}},"15":{"start":{"line":98,"column":2},"end":{"line":98,"column":18}},"16":{"start":{"line":99,"column":3},"end":{"line":99,"column":23}},"17":{"start":{"line":102,"column":0},"end":{"line":105,"column":4}},"18":{"start":{"line":103,"column":0},"end":{"line":103,"column":20}},"19":{"start":{"line":106,"column":16},"end":{"line":106,"column":27}},"20":{"start":{"line":107,"column":10},"end":{"line":107,"column":25}},"21":{"start":{"line":108,"column":4},"end":{"line":126,"column":5}},"22":{"start":{"line":113,"column":18},"end":{"line":118,"column":25}},"23":{"start":{"line":116,"column":62},"end":{"line":116,"column":79}}},"fnMap":{"0":{"name":"FilterOptions","decl":{"start":{"line":12,"column":25},"end":{"line":12,"column":38}},"loc":{"start":{"line":12,"column":52},"end":{"line":128,"column":4}},"line":12},"1":{"name":"(anonymous_1)","decl":{"start":{"line":13,"column":31},"end":{"line":13,"column":32}},"loc":{"start":{"line":13,"column":43},"end":{"line":76,"column":1}},"line":13},"2":{"name":"(anonymous_2)","decl":{"start":{"line":78,"column":20},"end":{"line":78,"column":21}},"loc":{"start":{"line":78,"column":26},"end":{"line":83,"column":1}},"line":78},"3":{"name":"(anonymous_3)","decl":{"start":{"line":85,"column":17},"end":{"line":85,"column":18}},"loc":{"start":{"line":85,"column":21},"end":{"line":90,"column":1}},"line":85},"4":{"name":"(anonymous_4)","decl":{"start":{"line":92,"column":18},"end":{"line":92,"column":19}},"loc":{"start":{"line":92,"column":23},"end":{"line":101,"column":1}},"line":92},"5":{"name":"(anonymous_5)","decl":{"start":{"line":95,"column":21},"end":{"line":95,"column":22}},"loc":{"start":{"line":95,"column":29},"end":{"line":95,"column":70}},"line":95},"6":{"name":"(anonymous_6)","decl":{"start":{"line":102,"column":10},"end":{"line":102,"column":11}},"loc":{"start":{"line":102,"column":14},"end":{"line":104,"column":3}},"line":102},"7":{"name":"(anonymous_7)","decl":{"start":{"line":112,"column":27},"end":{"line":112,"column":28}},"loc":{"start":{"line":113,"column":18},"end":{"line":118,"column":25}},"line":113},"8":{"name":"(anonymous_8)","decl":{"start":{"line":116,"column":58},"end":{"line":116,"column":59}},"loc":{"start":{"line":116,"column":62},"end":{"line":116,"column":79}},"line":116}},"branchMap":{},"s":{"0":6,"1":6,"2":6,"3":6,"4":0,"5":6,"6":6,"7":0,"8":0,"9":0,"10":6,"11":0,"12":0,"13":0,"14":0,"15":0,"16":0,"17":6,"18":6,"19":6,"20":6,"21":6,"22":0,"23":0},"f":{"0":6,"1":6,"2":0,"3":0,"4":0,"5":0,"6":6,"7":0,"8":0},"b":{},"_coverageSchema":"1a1c01bbd47fc00a2c39e90264f33305004495a9","hash":"5d00e459fe11ca6ccc4f076838a565202262070c"}
,"/home/saching/Desktop/GreenCommuteWIthTestingOfFinal/final/src/components/molecules/JobCard/JobCard.js": {"path":"/home/saching/Desktop/GreenCommuteWIthTestingOfFinal/final/src/components/molecules/JobCard/JobCard.js","statementMap":{"0":{"start":{"line":16,"column":18},"end":{"line":105,"column":2}},"1":{"start":{"line":114,"column":17},"end":{"line":114,"column":28}},"2":{"start":{"line":115,"column":2},"end":{"line":166,"column":4}},"3":{"start":{"line":157,"column":10},"end":{"line":157,"column":62}}},"fnMap":{"0":{"name":"JobCard","decl":{"start":{"line":107,"column":24},"end":{"line":107,"column":31}},"loc":{"start":{"line":113,"column":3},"end":{"line":167,"column":3}},"line":113},"1":{"name":"(anonymous_1)","decl":{"start":{"line":156,"column":56},"end":{"line":156,"column":57}},"loc":{"start":{"line":157,"column":10},"end":{"line":157,"column":62}},"line":157}},"branchMap":{"0":{"loc":{"start":{"line":156,"column":37},"end":{"line":158,"column":38}},"type":"binary-expr","locations":[{"start":{"line":156,"column":37},"end":{"line":156,"column":42}},{"start":{"line":156,"column":46},"end":{"line":158,"column":38}}],"line":156}},"s":{"0":0,"1":0,"2":0,"3":0},"f":{"0":0,"1":0},"b":{"0":[0,0]}}
,"/home/saching/Desktop/GreenCommuteWIthTestingOfFinal/final/src/components/molecules/JobCard/JobCard.stories.js": {"path":"/home/saching/Desktop/GreenCommuteWIthTestingOfFinal/final/src/components/molecules/JobCard/JobCard.stories.js","statementMap":{"0":{"start":{"line":15,"column":17},"end":{"line":15,"column":48}},"1":{"start":{"line":15,"column":27},"end":{"line":15,"column":48}},"2":{"start":{"line":17,"column":30},"end":{"line":17,"column":47}},"3":{"start":{"line":20,"column":0},"end":{"line":26,"column":2}}},"fnMap":{"0":{"name":"(anonymous_0)","decl":{"start":{"line":15,"column":17},"end":{"line":15,"column":18}},"loc":{"start":{"line":15,"column":27},"end":{"line":15,"column":48}},"line":15}},"branchMap":{},"s":{"0":0,"1":0,"2":0,"3":0},"f":{"0":0},"b":{}}
,"/home/saching/Desktop/GreenCommuteWIthTestingOfFinal/final/src/components/molecules/JobCardInfo/JobCardInfo.js": {"path":"/home/saching/Desktop/GreenCommuteWIthTestingOfFinal/final/src/components/molecules/JobCardInfo/JobCardInfo.js","statementMap":{"0":{"start":{"line":9,"column":20},"end":{"line":61,"column":1}},"1":{"start":{"line":11,"column":20},"end":{"line":40,"column":3}},"2":{"start":{"line":11,"column":43},"end":{"line":40,"column":1}},"3":{"start":{"line":42,"column":16},"end":{"line":42,"column":27}},"4":{"start":{"line":44,"column":2},"end":{"line":60,"column":4}}},"fnMap":{"0":{"name":"(anonymous_0)","decl":{"start":{"line":9,"column":20},"end":{"line":9,"column":21}},"loc":{"start":{"line":9,"column":84},"end":{"line":61,"column":1}},"line":9},"1":{"name":"(anonymous_1)","decl":{"start":{"line":11,"column":31},"end":{"line":11,"column":32}},"loc":{"start":{"line":11,"column":43},"end":{"line":40,"column":1}},"line":11}},"branchMap":{},"s":{"0":0,"1":0,"2":0,"3":0,"4":0},"f":{"0":0,"1":0},"b":{}}
,"/home/saching/Desktop/GreenCommuteWIthTestingOfFinal/final/src/components/molecules/JobCardInfo/JobCardInfo.stories.js": {"path":"/home/saching/Desktop/GreenCommuteWIthTestingOfFinal/final/src/components/molecules/JobCardInfo/JobCardInfo.stories.js","statementMap":{"0":{"start":{"line":9,"column":17},"end":{"line":9,"column":52}},"1":{"start":{"line":9,"column":27},"end":{"line":9,"column":52}},"2":{"start":{"line":11,"column":34},"end":{"line":11,"column":51}},"3":{"start":{"line":14,"column":0},"end":{"line":19,"column":2}}},"fnMap":{"0":{"name":"(anonymous_0)","decl":{"start":{"line":9,"column":17},"end":{"line":9,"column":18}},"loc":{"start":{"line":9,"column":27},"end":{"line":9,"column":52}},"line":9}},"branchMap":{},"s":{"0":0,"1":0,"2":0,"3":0},"f":{"0":0},"b":{}}
,"/home/saching/Desktop/GreenCommuteWIthTestingOfFinal/final/src/components/molecules/JobCardsmall/JobCardSmall.js": {"path":"/home/saching/Desktop/GreenCommuteWIthTestingOfFinal/final/src/components/molecules/JobCardsmall/JobCardSmall.js","statementMap":{"0":{"start":{"line":16,"column":18},"end":{"line":106,"column":2}},"1":{"start":{"line":115,"column":17},"end":{"line":115,"column":28}},"2":{"start":{"line":116,"column":2},"end":{"line":161,"column":4}},"3":{"start":{"line":151,"column":10},"end":{"line":151,"column":62}}},"fnMap":{"0":{"name":"JobCard","decl":{"start":{"line":108,"column":24},"end":{"line":108,"column":31}},"loc":{"start":{"line":114,"column":3},"end":{"line":162,"column":2}},"line":114},"1":{"name":"(anonymous_1)","decl":{"start":{"line":150,"column":56},"end":{"line":150,"column":57}},"loc":{"start":{"line":151,"column":10},"end":{"line":151,"column":62}},"line":151}},"branchMap":{"0":{"loc":{"start":{"line":150,"column":37},"end":{"line":152,"column":38}},"type":"binary-expr","locations":[{"start":{"line":150,"column":37},"end":{"line":150,"column":42}},{"start":{"line":150,"column":46},"end":{"line":152,"column":38}}],"line":150}},"s":{"0":0,"1":0,"2":0,"3":0},"f":{"0":0,"1":0},"b":{"0":[0,0]}}
,"/home/saching/Desktop/GreenCommuteWIthTestingOfFinal/final/src/components/molecules/JobCardsmall/JobCardSmall.stories.js": {"path":"/home/saching/Desktop/GreenCommuteWIthTestingOfFinal/final/src/components/molecules/JobCardsmall/JobCardSmall.stories.js","statementMap":{"0":{"start":{"line":15,"column":17},"end":{"line":15,"column":53}},"1":{"start":{"line":15,"column":27},"end":{"line":15,"column":53}},"2":{"start":{"line":17,"column":35},"end":{"line":17,"column":52}},"3":{"start":{"line":20,"column":0},"end":{"line":26,"column":2}}},"fnMap":{"0":{"name":"(anonymous_0)","decl":{"start":{"line":15,"column":17},"end":{"line":15,"column":18}},"loc":{"start":{"line":15,"column":27},"end":{"line":15,"column":53}},"line":15}},"branchMap":{},"s":{"0":0,"1":0,"2":0,"3":0},"f":{"0":0},"b":{}}
,"/home/saching/Desktop/GreenCommuteWIthTestingOfFinal/final/src/components/molecules/LocationListItem/LocationListItem.js": {"path":"/home/saching/Desktop/GreenCommuteWIthTestingOfFinal/final/src/components/molecules/LocationListItem/LocationListItem.js","statementMap":{"0":{"start":{"line":17,"column":18},"end":{"line":31,"column":3}},"1":{"start":{"line":17,"column":41},"end":{"line":31,"column":1}},"2":{"start":{"line":37,"column":16},"end":{"line":37,"column":27}},"3":{"start":{"line":39,"column":2},"end":{"line":51,"column":4}}},"fnMap":{"0":{"name":"(anonymous_0)","decl":{"start":{"line":17,"column":29},"end":{"line":17,"column":30}},"loc":{"start":{"line":17,"column":41},"end":{"line":31,"column":1}},"line":17},"1":{"name":"LocationListItem","decl":{"start":{"line":34,"column":24},"end":{"line":34,"column":40}},"loc":{"start":{"line":34,"column":58},"end":{"line":52,"column":1}},"line":34}},"branchMap":{},"s":{"0":0,"1":0,"2":0,"3":0},"f":{"0":0,"1":0},"b":{}}
,"/home/saching/Desktop/GreenCommuteWIthTestingOfFinal/final/src/components/molecules/LocationListItem/LocationListItem.stories.js": {"path":"/home/saching/Desktop/GreenCommuteWIthTestingOfFinal/final/src/components/molecules/LocationListItem/LocationListItem.stories.js","statementMap":{"0":{"start":{"line":9,"column":17},"end":{"line":9,"column":57}},"1":{"start":{"line":9,"column":27},"end":{"line":9,"column":57}},"2":{"start":{"line":11,"column":31},"end":{"line":11,"column":48}},"3":{"start":{"line":14,"column":0},"end":{"line":16,"column":2}}},"fnMap":{"0":{"name":"(anonymous_0)","decl":{"start":{"line":9,"column":17},"end":{"line":9,"column":18}},"loc":{"start":{"line":9,"column":27},"end":{"line":9,"column":57}},"line":9}},"branchMap":{},"s":{"0":0,"1":0,"2":0,"3":0},"f":{"0":0},"b":{}}
,"/home/saching/Desktop/GreenCommuteWIthTestingOfFinal/final/src/components/molecules/MapCardInfo/MapCardInfo.js": {"path":"/home/saching/Desktop/GreenCommuteWIthTestingOfFinal/final/src/components/molecules/MapCardInfo/MapCardInfo.js","statementMap":{"0":{"start":{"line":16,"column":18},"end":{"line":109,"column":3}},"1":{"start":{"line":16,"column":41},"end":{"line":109,"column":1}},"2":{"start":{"line":115,"column":20},"end":{"line":115,"column":31}},"3":{"start":{"line":117,"column":2},"end":{"line":147,"column":4}}},"fnMap":{"0":{"name":"(anonymous_0)","decl":{"start":{"line":16,"column":29},"end":{"line":16,"column":30}},"loc":{"start":{"line":16,"column":41},"end":{"line":109,"column":1}},"line":16},"1":{"name":"JobCardInfo","decl":{"start":{"line":111,"column":24},"end":{"line":111,"column":35}},"loc":{"start":{"line":111,"column":84},"end":{"line":148,"column":1}},"line":111}},"branchMap":{},"s":{"0":0,"1":0,"2":0,"3":0},"f":{"0":0,"1":0},"b":{}}
,"/home/saching/Desktop/GreenCommuteWIthTestingOfFinal/final/src/components/molecules/MapCardInfo/MapCardInfo.stories.js": {"path":"/home/saching/Desktop/GreenCommuteWIthTestingOfFinal/final/src/components/molecules/MapCardInfo/MapCardInfo.stories.js","statementMap":{"0":{"start":{"line":9,"column":17},"end":{"line":9,"column":52}},"1":{"start":{"line":9,"column":27},"end":{"line":9,"column":52}},"2":{"start":{"line":11,"column":34},"end":{"line":11,"column":51}},"3":{"start":{"line":14,"column":0},"end":{"line":18,"column":2}}},"fnMap":{"0":{"name":"(anonymous_0)","decl":{"start":{"line":9,"column":17},"end":{"line":9,"column":18}},"loc":{"start":{"line":9,"column":27},"end":{"line":9,"column":52}},"line":9}},"branchMap":{},"s":{"0":0,"1":0,"2":0,"3":0},"f":{"0":0},"b":{}}
,"/home/saching/Desktop/GreenCommuteWIthTestingOfFinal/final/src/components/molecules/MyListItem/MyListItem.js": {"path":"/home/saching/Desktop/GreenCommuteWIthTestingOfFinal/final/src/components/molecules/MyListItem/MyListItem.js","statementMap":{"0":{"start":{"line":6,"column":19},"end":{"line":19,"column":1}},"1":{"start":{"line":8,"column":4},"end":{"line":17,"column":6}}},"fnMap":{"0":{"name":"(anonymous_0)","decl":{"start":{"line":6,"column":19},"end":{"line":6,"column":20}},"loc":{"start":{"line":6,"column":36},"end":{"line":19,"column":1}},"line":6}},"branchMap":{},"s":{"0":0,"1":0},"f":{"0":0},"b":{}}
,"/home/saching/Desktop/GreenCommuteWIthTestingOfFinal/final/src/components/molecules/MyListItem/MyListItem.stories.js": {"path":"/home/saching/Desktop/GreenCommuteWIthTestingOfFinal/final/src/components/molecules/MyListItem/MyListItem.stories.js","statementMap":{"0":{"start":{"line":11,"column":17},"end":{"line":11,"column":51}},"1":{"start":{"line":11,"column":27},"end":{"line":11,"column":51}},"2":{"start":{"line":13,"column":31},"end":{"line":13,"column":48}},"3":{"start":{"line":15,"column":0},"end":{"line":19,"column":2}},"4":{"start":{"line":21,"column":33},"end":{"line":21,"column":50}},"5":{"start":{"line":24,"column":0},"end":{"line":28,"column":2}}},"fnMap":{"0":{"name":"(anonymous_0)","decl":{"start":{"line":11,"column":17},"end":{"line":11,"column":18}},"loc":{"start":{"line":11,"column":27},"end":{"line":11,"column":51}},"line":11}},"branchMap":{},"s":{"0":0,"1":0,"2":0,"3":0,"4":0,"5":0},"f":{"0":0},"b":{}}
,"/home/saching/Desktop/GreenCommuteWIthTestingOfFinal/final/src/components/molecules/ProfileItem/ProfileItem.js": {"path":"/home/saching/Desktop/GreenCommuteWIthTestingOfFinal/final/src/components/molecules/ProfileItem/ProfileItem.js","statementMap":{"0":{"start":{"line":21,"column":22},"end":{"line":48,"column":7}},"1":{"start":{"line":21,"column":45},"end":{"line":48,"column":5}},"2":{"start":{"line":50,"column":20},"end":{"line":50,"column":31}},"3":{"start":{"line":52,"column":4},"end":{"line":80,"column":6}}},"fnMap":{"0":{"name":"ProfileItem","decl":{"start":{"line":19,"column":24},"end":{"line":19,"column":35}},"loc":{"start":{"line":19,"column":37},"end":{"line":81,"column":1}},"line":19},"1":{"name":"(anonymous_1)","decl":{"start":{"line":21,"column":33},"end":{"line":21,"column":34}},"loc":{"start":{"line":21,"column":45},"end":{"line":48,"column":5}},"line":21}},"branchMap":{},"s":{"0":0,"1":0,"2":0,"3":0},"f":{"0":0,"1":0},"b":{}}
,"/home/saching/Desktop/GreenCommuteWIthTestingOfFinal/final/src/components/molecules/ProfileItem/ProfileItem.stories.js": {"path":"/home/saching/Desktop/GreenCommuteWIthTestingOfFinal/final/src/components/molecules/ProfileItem/ProfileItem.stories.js","statementMap":{"0":{"start":{"line":10,"column":17},"end":{"line":10,"column":52}},"1":{"start":{"line":10,"column":27},"end":{"line":10,"column":52}},"2":{"start":{"line":12,"column":37},"end":{"line":12,"column":54}},"3":{"start":{"line":15,"column":0},"end":{"line":17,"column":2}}},"fnMap":{"0":{"name":"(anonymous_0)","decl":{"start":{"line":10,"column":17},"end":{"line":10,"column":18}},"loc":{"start":{"line":10,"column":27},"end":{"line":10,"column":52}},"line":10}},"branchMap":{},"s":{"0":0,"1":0,"2":0,"3":0},"f":{"0":0},"b":{}}
,"/home/saching/Desktop/GreenCommuteWIthTestingOfFinal/final/src/components/molecules/TravelInfoCard/TravelInfoCard.js": {"path":"/home/saching/Desktop/GreenCommuteWIthTestingOfFinal/final/src/components/molecules/TravelInfoCard/TravelInfoCard.js","statementMap":{"0":{"start":{"line":22,"column":47},"end":{"line":22,"column":52}},"1":{"start":{"line":24,"column":2},"end":{"line":40,"column":4}},"2":{"start":{"line":43,"column":0},"end":{"line":47,"column":2}},"3":{"start":{"line":50,"column":2},"end":{"line":53,"column":4}},"4":{"start":{"line":57,"column":18},"end":{"line":161,"column":3}},"5":{"start":{"line":57,"column":41},"end":{"line":161,"column":1}},"6":{"start":{"line":169,"column":18},"end":{"line":169,"column":29}},"7":{"start":{"line":170,"column":28},"end":{"line":170,"column":45}},"8":{"start":{"line":172,"column":23},"end":{"line":174,"column":3}},"9":{"start":{"line":173,"column":4},"end":{"line":173,"column":23}},"10":{"start":{"line":176,"column":2},"end":{"line":307,"column":4}}},"fnMap":{"0":{"name":"TabPanel","decl":{"start":{"line":21,"column":9},"end":{"line":21,"column":17}},"loc":{"start":{"line":21,"column":25},"end":{"line":41,"column":1}},"line":21},"1":{"name":"allyProps","decl":{"start":{"line":49,"column":9},"end":{"line":49,"column":18}},"loc":{"start":{"line":49,"column":26},"end":{"line":54,"column":1}},"line":49},"2":{"name":"(anonymous_2)","decl":{"start":{"line":57,"column":29},"end":{"line":57,"column":30}},"loc":{"start":{"line":57,"column":41},"end":{"line":161,"column":1}},"line":57},"3":{"name":"JobCardInfo","decl":{"start":{"line":165,"column":24},"end":{"line":165,"column":35}},"loc":{"start":{"line":165,"column":79},"end":{"line":308,"column":1}},"line":165},"4":{"name":"(anonymous_4)","decl":{"start":{"line":172,"column":23},"end":{"line":172,"column":24}},"loc":{"start":{"line":172,"column":44},"end":{"line":174,"column":3}},"line":172}},"branchMap":{"0":{"loc":{"start":{"line":33,"column":7},"end":{"line":37,"column":7}},"type":"binary-expr","locations":[{"start":{"line":33,"column":7},"end":{"line":33,"column":22}},{"start":{"line":34,"column":8},"end":{"line":36,"column":14}}],"line":33}},"s":{"0":0,"1":0,"2":0,"3":0,"4":0,"5":0,"6":0,"7":0,"8":0,"9":0,"10":0},"f":{"0":0,"1":0,"2":0,"3":0,"4":0},"b":{"0":[0,0]}}
,"/home/saching/Desktop/GreenCommuteWIthTestingOfFinal/final/src/components/molecules/TravelInfoCard/TravelInfoCard.stories.js": {"path":"/home/saching/Desktop/GreenCommuteWIthTestingOfFinal/final/src/components/molecules/TravelInfoCard/TravelInfoCard.stories.js","statementMap":{"0":{"start":{"line":9,"column":17},"end":{"line":9,"column":55}},"1":{"start":{"line":9,"column":27},"end":{"line":9,"column":55}},"2":{"start":{"line":11,"column":37},"end":{"line":11,"column":54}},"3":{"start":{"line":14,"column":0},"end":{"line":18,"column":2}}},"fnMap":{"0":{"name":"(anonymous_0)","decl":{"start":{"line":9,"column":17},"end":{"line":9,"column":18}},"loc":{"start":{"line":9,"column":27},"end":{"line":9,"column":55}},"line":9}},"branchMap":{},"s":{"0":0,"1":0,"2":0,"3":0},"f":{"0":0},"b":{}}
,"/home/saching/Desktop/GreenCommuteWIthTestingOfFinal/final/src/components/molecules/TravelOptionCard/TravelOptionCard.js": {"path":"/home/saching/Desktop/GreenCommuteWIthTestingOfFinal/final/src/components/molecules/TravelOptionCard/TravelOptionCard.js","statementMap":{"0":{"start":{"line":10,"column":18},"end":{"line":73,"column":3}},"1":{"start":{"line":10,"column":41},"end":{"line":73,"column":1}},"2":{"start":{"line":78,"column":16},"end":{"line":78,"column":27}},"3":{"start":{"line":80,"column":2},"end":{"line":99,"column":4}}},"fnMap":{"0":{"name":"(anonymous_0)","decl":{"start":{"line":10,"column":29},"end":{"line":10,"column":30}},"loc":{"start":{"line":10,"column":41},"end":{"line":73,"column":1}},"line":10},"1":{"name":"JobCardInfo","decl":{"start":{"line":75,"column":24},"end":{"line":75,"column":35}},"loc":{"start":{"line":75,"column":79},"end":{"line":100,"column":1}},"line":75}},"branchMap":{},"s":{"0":0,"1":0,"2":0,"3":0},"f":{"0":0,"1":0},"b":{}}
,"/home/saching/Desktop/GreenCommuteWIthTestingOfFinal/final/src/components/molecules/TravelOptionCard/TravelOptionCard.stories.js": {"path":"/home/saching/Desktop/GreenCommuteWIthTestingOfFinal/final/src/components/molecules/TravelOptionCard/TravelOptionCard.stories.js","statementMap":{"0":{"start":{"line":9,"column":17},"end":{"line":9,"column":57}},"1":{"start":{"line":9,"column":27},"end":{"line":9,"column":57}},"2":{"start":{"line":11,"column":39},"end":{"line":11,"column":56}},"3":{"start":{"line":13,"column":0},"end":{"line":17,"column":2}},"4":{"start":{"line":19,"column":41},"end":{"line":19,"column":58}},"5":{"start":{"line":21,"column":0},"end":{"line":25,"column":1}}},"fnMap":{"0":{"name":"(anonymous_0)","decl":{"start":{"line":9,"column":17},"end":{"line":9,"column":18}},"loc":{"start":{"line":9,"column":27},"end":{"line":9,"column":57}},"line":9}},"branchMap":{},"s":{"0":0,"1":0,"2":0,"3":0,"4":0,"5":0},"f":{"0":0},"b":{}}
,"/home/saching/Desktop/GreenCommuteWIthTestingOfFinal/final/src/components/molecules/aqi/aqi.js": {"path":"/home/saching/Desktop/GreenCommuteWIthTestingOfFinal/final/src/components/molecules/aqi/aqi.js","statementMap":{"0":{"start":{"line":8,"column":4},"end":{"line":51,"column":5}},"1":{"start":{"line":19,"column":28},"end":{"line":37,"column":39}}},"fnMap":{"0":{"name":"AQI","decl":{"start":{"line":7,"column":24},"end":{"line":7,"column":27}},"loc":{"start":{"line":7,"column":119},"end":{"line":52,"column":1}},"line":7},"1":{"name":"(anonymous_1)","decl":{"start":{"line":18,"column":67},"end":{"line":18,"column":68}},"loc":{"start":{"line":19,"column":28},"end":{"line":37,"column":39}},"line":19}},"branchMap":{"0":{"loc":{"start":{"line":18,"column":25},"end":{"line":38,"column":25}},"type":"binary-expr","locations":[{"start":{"line":18,"column":25},"end":{"line":18,"column":33}},{"start":{"line":18,"column":37},"end":{"line":18,"column":48}},{"start":{"line":18,"column":53},"end":{"line":38,"column":25}}],"line":18}},"s":{"0":5,"1":0},"f":{"0":5,"1":0},"b":{"0":[5,0,0]},"_coverageSchema":"1a1c01bbd47fc00a2c39e90264f33305004495a9","hash":"01474ad14944fda4b2963f2d39b91a0667590e65"}
,"/home/saching/Desktop/GreenCommuteWIthTestingOfFinal/final/src/components/molecules/aqi/aqi.stories.js": {"path":"/home/saching/Desktop/GreenCommuteWIthTestingOfFinal/final/src/components/molecules/aqi/aqi.stories.js","statementMap":{"0":{"start":{"line":11,"column":17},"end":{"line":11,"column":44}},"1":{"start":{"line":11,"column":27},"end":{"line":11,"column":44}},"2":{"start":{"line":13,"column":31},"end":{"line":13,"column":48}},"3":{"start":{"line":14,"column":0},"end":{"line":23,"column":2}},"4":{"start":{"line":40,"column":29},"end":{"line":40,"column":46}},"5":{"start":{"line":41,"column":0},"end":{"line":51,"column":2}}},"fnMap":{"0":{"name":"(anonymous_0)","decl":{"start":{"line":11,"column":17},"end":{"line":11,"column":18}},"loc":{"start":{"line":11,"column":27},"end":{"line":11,"column":44}},"line":11}},"branchMap":{},"s":{"0":0,"1":0,"2":0,"3":0,"4":0,"5":0},"f":{"0":0},"b":{}}
,"/home/saching/Desktop/GreenCommuteWIthTestingOfFinal/final/src/components/molecules/select/select.js": {"path":"/home/saching/Desktop/GreenCommuteWIthTestingOfFinal/final/src/components/molecules/select/select.js","statementMap":{"0":{"start":{"line":10,"column":14},"end":{"line":14,"column":1}},"1":{"start":{"line":16,"column":21},"end":{"line":61,"column":1}},"2":{"start":{"line":105,"column":18},"end":{"line":123,"column":2}},"3":{"start":{"line":126,"column":16},"end":{"line":172,"column":1}},"4":{"start":{"line":175,"column":18},"end":{"line":175,"column":29}},"5":{"start":{"line":177,"column":14},"end":{"line":218,"column":3}},"6":{"start":{"line":178,"column":4},"end":{"line":183,"column":10}},"7":{"start":{"line":219,"column":19},"end":{"line":219,"column":20}},"8":{"start":{"line":231,"column":6},"end":{"line":237,"column":4}},"9":{"start":{"line":236,"column":32},"end":{"line":236,"column":44}},"10":{"start":{"line":238,"column":0},"end":{"line":238,"column":26}},"11":{"start":{"line":239,"column":0},"end":{"line":239,"column":19}},"12":{"start":{"line":240,"column":2},"end":{"line":281,"column":4}},"13":{"start":{"line":250,"column":14},"end":{"line":250,"column":70}},"14":{"start":{"line":259,"column":14},"end":{"line":262,"column":19}},"15":{"start":{"line":285,"column":20},"end":{"line":301,"column":1}}},"fnMap":{"0":{"name":"CustomizedHook","decl":{"start":{"line":174,"column":24},"end":{"line":174,"column":38}},"loc":{"start":{"line":174,"column":41},"end":{"line":282,"column":1}},"line":174},"1":{"name":"(anonymous_1)","decl":{"start":{"line":177,"column":21},"end":{"line":177,"column":22}},"loc":{"start":{"line":178,"column":4},"end":{"line":183,"column":10}},"line":178},"2":{"name":"(anonymous_2)","decl":{"start":{"line":236,"column":20},"end":{"line":236,"column":21}},"loc":{"start":{"line":236,"column":32},"end":{"line":236,"column":44}},"line":236},"3":{"name":"(anonymous_3)","decl":{"start":{"line":249,"column":23},"end":{"line":249,"column":24}},"loc":{"start":{"line":250,"column":14},"end":{"line":250,"column":70}},"line":250},"4":{"name":"(anonymous_4)","decl":{"start":{"line":258,"column":32},"end":{"line":258,"column":33}},"loc":{"start":{"line":259,"column":14},"end":{"line":262,"column":19}},"line":259}},"branchMap":{"0":{"loc":{"start":{"line":245,"column":53},"end":{"line":245,"column":77}},"type":"cond-expr","locations":[{"start":{"line":245,"column":63},"end":{"line":245,"column":72}},{"start":{"line":245,"column":75},"end":{"line":245,"column":77}}],"line":245},"1":{"loc":{"start":{"line":256,"column":9},"end":{"line":265,"column":16}},"type":"cond-expr","locations":[{"start":{"line":257,"column":10},"end":{"line":264,"column":20}},{"start":{"line":265,"column":12},"end":{"line":265,"column":16}}],"line":256},"2":{"loc":{"start":{"line":256,"column":9},"end":{"line":256,"column":52}},"type":"binary-expr","locations":[{"start":{"line":256,"column":9},"end":{"line":256,"column":23}},{"start":{"line":256,"column":27},"end":{"line":256,"column":52}}],"line":256}},"s":{"0":0,"1":0,"2":0,"3":0,"4":0,"5":0,"6":0,"7":0,"8":0,"9":0,"10":0,"11":0,"12":0,"13":0,"14":0,"15":0},"f":{"0":0,"1":0,"2":0,"3":0,"4":0},"b":{"0":[0,0],"1":[0,0],"2":[0,0]}}
,"/home/saching/Desktop/GreenCommuteWIthTestingOfFinal/final/src/components/molecules/select/select.stories.js": {"path":"/home/saching/Desktop/GreenCommuteWIthTestingOfFinal/final/src/components/molecules/select/select.stories.js","statementMap":{"0":{"start":{"line":9,"column":17},"end":{"line":9,"column":55}},"1":{"start":{"line":9,"column":27},"end":{"line":9,"column":55}},"2":{"start":{"line":10,"column":23},"end":{"line":10,"column":40}}},"fnMap":{"0":{"name":"(anonymous_0)","decl":{"start":{"line":9,"column":17},"end":{"line":9,"column":18}},"loc":{"start":{"line":9,"column":27},"end":{"line":9,"column":55}},"line":9}},"branchMap":{},"s":{"0":0,"1":0,"2":0},"f":{"0":0},"b":{}}
,"/home/saching/Desktop/GreenCommuteWIthTestingOfFinal/final/src/components/molecules/stepper/CustomStepper.js": {"path":"/home/saching/Desktop/GreenCommuteWIthTestingOfFinal/final/src/components/molecules/stepper/CustomStepper.js","statementMap":{"0":{"start":{"line":15,"column":23},"end":{"line":31,"column":19}},"1":{"start":{"line":33,"column":18},"end":{"line":48,"column":5}},"2":{"start":{"line":33,"column":41},"end":{"line":48,"column":3}},"3":{"start":{"line":51,"column":20},"end":{"line":51,"column":31}},"4":{"start":{"line":52,"column":40},"end":{"line":52,"column":57}},"5":{"start":{"line":53,"column":34},"end":{"line":53,"column":59}},"6":{"start":{"line":55,"column":18},"end":{"line":55,"column":29}},"7":{"start":{"line":57,"column":27},"end":{"line":59,"column":5}},"8":{"start":{"line":58,"column":6},"end":{"line":58,"column":24}},"9":{"start":{"line":61,"column":26},"end":{"line":63,"column":5}},"10":{"start":{"line":62,"column":6},"end":{"line":62,"column":31}},"11":{"start":{"line":65,"column":23},"end":{"line":74,"column":5}},"12":{"start":{"line":66,"column":23},"end":{"line":66,"column":30}},"13":{"start":{"line":67,"column":6},"end":{"line":70,"column":7}},"14":{"start":{"line":68,"column":8},"end":{"line":68,"column":50}},"15":{"start":{"line":69,"column":8},"end":{"line":69,"column":38}},"16":{"start":{"line":72,"column":6},"end":{"line":72,"column":60}},"17":{"start":{"line":72,"column":40},"end":{"line":72,"column":58}},"18":{"start":{"line":73,"column":6},"end":{"line":73,"column":29}},"19":{"start":{"line":76,"column":23},"end":{"line":78,"column":5}},"20":{"start":{"line":77,"column":6},"end":{"line":77,"column":60}},"21":{"start":{"line":77,"column":40},"end":{"line":77,"column":58}},"22":{"start":{"line":80,"column":23},"end":{"line":93,"column":5}},"23":{"start":{"line":81,"column":6},"end":{"line":85,"column":7}},"24":{"start":{"line":84,"column":8},"end":{"line":84,"column":70}},"25":{"start":{"line":87,"column":6},"end":{"line":87,"column":60}},"26":{"start":{"line":87,"column":40},"end":{"line":87,"column":58}},"27":{"start":{"line":88,"column":6},"end":{"line":92,"column":9}},"28":{"start":{"line":89,"column":27},"end":{"line":89,"column":56}},"29":{"start":{"line":90,"column":8},"end":{"line":90,"column":35}},"30":{"start":{"line":91,"column":8},"end":{"line":91,"column":26}},"31":{"start":{"line":95,"column":24},"end":{"line":97,"column":5}},"32":{"start":{"line":96,"column":6},"end":{"line":96,"column":23}},"33":{"start":{"line":99,"column":4},"end":{"line":158,"column":6}},"34":{"start":{"line":104,"column":34},"end":{"line":104,"column":36}},"35":{"start":{"line":105,"column":35},"end":{"line":105,"column":37}},"36":{"start":{"line":107,"column":16},"end":{"line":109,"column":17}},"37":{"start":{"line":108,"column":16},"end":{"line":108,"column":44}},"38":{"start":{"line":110,"column":16},"end":{"line":114,"column":18}}},"fnMap":{"0":{"name":"(anonymous_0)","decl":{"start":{"line":33,"column":29},"end":{"line":33,"column":30}},"loc":{"start":{"line":33,"column":41},"end":{"line":48,"column":3}},"line":33},"1":{"name":"HorizontalLinearStepper","decl":{"start":{"line":50,"column":24},"end":{"line":50,"column":47}},"loc":{"start":{"line":50,"column":55},"end":{"line":159,"column":3}},"line":50},"2":{"name":"(anonymous_2)","decl":{"start":{"line":57,"column":27},"end":{"line":57,"column":28}},"loc":{"start":{"line":57,"column":37},"end":{"line":59,"column":5}},"line":57},"3":{"name":"(anonymous_3)","decl":{"start":{"line":61,"column":26},"end":{"line":61,"column":27}},"loc":{"start":{"line":61,"column":36},"end":{"line":63,"column":5}},"line":61},"4":{"name":"(anonymous_4)","decl":{"start":{"line":65,"column":23},"end":{"line":65,"column":24}},"loc":{"start":{"line":65,"column":29},"end":{"line":74,"column":5}},"line":65},"5":{"name":"(anonymous_5)","decl":{"start":{"line":72,"column":20},"end":{"line":72,"column":21}},"loc":{"start":{"line":72,"column":40},"end":{"line":72,"column":58}},"line":72},"6":{"name":"(anonymous_6)","decl":{"start":{"line":76,"column":23},"end":{"line":76,"column":24}},"loc":{"start":{"line":76,"column":29},"end":{"line":78,"column":5}},"line":76},"7":{"name":"(anonymous_7)","decl":{"start":{"line":77,"column":20},"end":{"line":77,"column":21}},"loc":{"start":{"line":77,"column":40},"end":{"line":77,"column":58}},"line":77},"8":{"name":"(anonymous_8)","decl":{"start":{"line":80,"column":23},"end":{"line":80,"column":24}},"loc":{"start":{"line":80,"column":29},"end":{"line":93,"column":5}},"line":80},"9":{"name":"(anonymous_9)","decl":{"start":{"line":87,"column":20},"end":{"line":87,"column":21}},"loc":{"start":{"line":87,"column":40},"end":{"line":87,"column":58}},"line":87},"10":{"name":"(anonymous_10)","decl":{"start":{"line":88,"column":17},"end":{"line":88,"column":18}},"loc":{"start":{"line":88,"column":34},"end":{"line":92,"column":7}},"line":88},"11":{"name":"(anonymous_11)","decl":{"start":{"line":95,"column":24},"end":{"line":95,"column":25}},"loc":{"start":{"line":95,"column":30},"end":{"line":97,"column":5}},"line":95},"12":{"name":"(anonymous_12)","decl":{"start":{"line":103,"column":23},"end":{"line":103,"column":24}},"loc":{"start":{"line":103,"column":41},"end":{"line":115,"column":13}},"line":103}},"branchMap":{"0":{"loc":{"start":{"line":67,"column":6},"end":{"line":70,"column":7}},"type":"if","locations":[{"start":{"line":67,"column":6},"end":{"line":70,"column":7}},{"start":{"line":67,"column":6},"end":{"line":70,"column":7}}],"line":67},"1":{"loc":{"start":{"line":81,"column":6},"end":{"line":85,"column":7}},"type":"if","locations":[{"start":{"line":81,"column":6},"end":{"line":85,"column":7}},{"start":{"line":81,"column":6},"end":{"line":85,"column":7}}],"line":81},"2":{"loc":{"start":{"line":107,"column":16},"end":{"line":109,"column":17}},"type":"if","locations":[{"start":{"line":107,"column":16},"end":{"line":109,"column":17}},{"start":{"line":107,"column":16},"end":{"line":109,"column":17}}],"line":107},"3":{"loc":{"start":{"line":118,"column":11},"end":{"line":154,"column":11}},"type":"cond-expr","locations":[{"start":{"line":119,"column":12},"end":{"line":126,"column":18}},{"start":{"line":128,"column":12},"end":{"line":153,"column":18}}],"line":118},"4":{"loc":{"start":{"line":133,"column":17},"end":{"line":142,"column":17}},"type":"binary-expr","locations":[{"start":{"line":133,"column":17},"end":{"line":133,"column":43}},{"start":{"line":134,"column":18},"end":{"line":141,"column":27}}],"line":133},"5":{"loc":{"start":{"line":150,"column":19},"end":{"line":150,"column":70}},"type":"cond-expr","locations":[{"start":{"line":150,"column":53},"end":{"line":150,"column":61}},{"start":{"line":150,"column":64},"end":{"line":150,"column":70}}],"line":150}},"s":{"0":0,"1":0,"2":0,"3":0,"4":0,"5":0,"6":0,"7":0,"8":0,"9":0,"10":0,"11":0,"12":0,"13":0,"14":0,"15":0,"16":0,"17":0,"18":0,"19":0,"20":0,"21":0,"22":0,"23":0,"24":0,"25":0,"26":0,"27":0,"28":0,"29":0,"30":0,"31":0,"32":0,"33":0,"34":0,"35":0,"36":0,"37":0,"38":0},"f":{"0":0,"1":0,"2":0,"3":0,"4":0,"5":0,"6":0,"7":0,"8":0,"9":0,"10":0,"11":0,"12":0},"b":{"0":[0,0],"1":[0,0],"2":[0,0],"3":[0,0],"4":[0,0],"5":[0,0]}}
,"/home/saching/Desktop/GreenCommuteWIthTestingOfFinal/final/src/components/molecules/stepper/CustomStepper.stories.js": {"path":"/home/saching/Desktop/GreenCommuteWIthTestingOfFinal/final/src/components/molecules/stepper/CustomStepper.stories.js","statementMap":{"0":{"start":{"line":8,"column":17},"end":{"line":8,"column":64}},"1":{"start":{"line":8,"column":27},"end":{"line":8,"column":64}},"2":{"start":{"line":10,"column":23},"end":{"line":10,"column":40}},"3":{"start":{"line":11,"column":0},"end":{"line":13,"column":2}}},"fnMap":{"0":{"name":"(anonymous_0)","decl":{"start":{"line":8,"column":17},"end":{"line":8,"column":18}},"loc":{"start":{"line":8,"column":27},"end":{"line":8,"column":64}},"line":8}},"branchMap":{},"s":{"0":0,"1":0,"2":0,"3":0},"f":{"0":0},"b":{}}
}
