TN:
SF:src/App.js
FN:15,(anonymous_0)
FNF:1
FNH:0
FNDA:0,(anonymous_0)
DA:15,0
DA:16,0
LF:2
LH:0
BRF:0
BRH:0
end_of_record
TN:
SF:src/Stuff.js
FN:3,Stuff
FNF:1
FNH:0
FNDA:0,Stuff
DA:5,0
LF:1
LH:0
BRF:0
BRH:0
end_of_record
TN:
SF:src/index.js
FNF:0
FNH:0
DA:6,0
LF:1
LH:0
BRF:0
BRH:0
end_of_record
TN:
SF:src/components/index.js
FNF:0
FNH:0
LF:0
LH:0
BRF:0
BRH:0
end_of_record
TN:
SF:src/components/theme.jsx
FNF:0
FNH:0
DA:3,6
LF:1
LH:1
BRF:0
BRH:0
end_of_record
TN:
SF:src/components/Organism/RightGrid/Right.js
FN:8,(anonymous_0)
FN:10,(anonymous_1)
FNF:2
FNH:0
FNDA:0,(anonymous_0)
FNDA:0,(anonymous_1)
DA:8,0
DA:10,0
DA:59,0
DA:61,0
LF:4
LH:0
BRF:0
BRH:0
end_of_record
TN:
SF:src/components/Organism/RightGrid/Right.stories.js
FN:9,(anonymous_0)
FNF:1
FNH:0
FNDA:0,(anonymous_0)
DA:9,0
DA:11,0
DA:14,0
LF:3
LH:0
BRF:0
BRH:0
end_of_record
TN:
SF:src/components/Organism/TopNavigation/TopNavigation.js
FN:5,(anonymous_0)
FNF:1
FNH:0
FNDA:0,(anonymous_0)
DA:5,0
DA:7,0
LF:2
LH:0
BRF:0
BRH:0
end_of_record
TN:
SF:src/components/Organism/TopNavigation/TopNavigation.stories.js
FN:10,(anonymous_0)
FNF:1
FNH:0
FNDA:0,(anonymous_0)
DA:10,0
DA:12,0
DA:15,0
LF:3
LH:0
BRF:0
BRH:0
end_of_record
TN:
SF:src/components/atoms/Checkbox/CheckBox.js
FNF:0
FNH:0
DA:11,1
LF:1
LH:1
BRF:0
BRH:0
end_of_record
TN:
SF:src/components/atoms/Checkbox/Checkbox.stories.js
FN:15,(anonymous_0)
FNF:1
FNH:0
FNDA:0,(anonymous_0)
DA:15,0
DA:17,0
LF:2
LH:0
BRF:0
BRH:0
end_of_record
TN:
SF:src/components/atoms/MyImage/MyImage.js
FN:4,(anonymous_0)
FNF:1
FNH:1
FNDA:1,(anonymous_0)
DA:4,1
DA:5,1
LF:2
LH:2
BRF:0
BRH:0
end_of_record
TN:
SF:src/components/atoms/MyImage/MyImage.stories.js
FN:9,(anonymous_0)
FNF:1
FNH:0
FNDA:0,(anonymous_0)
DA:9,0
DA:11,0
DA:13,0
DA:20,0
DA:22,0
DA:29,0
DA:31,0
DA:38,0
DA:40,0
DA:47,0
DA:49,0
LF:11
LH:0
BRF:0
BRH:0
end_of_record
TN:
SF:src/components/atoms/MyTypography/MyTypography.js
FN:4,(anonymous_0)
FNF:1
FNH:1
FNDA:1,(anonymous_0)
DA:4,4
DA:5,1
LF:2
LH:2
BRF:0
BRH:0
end_of_record
TN:
SF:src/components/atoms/MyTypography/MyTypography.stories.js
FN:9,(anonymous_0)
FNF:1
FNH:0
FNDA:0,(anonymous_0)
DA:9,0
DA:11,0
DA:13,0
DA:27,0
DA:29,0
DA:42,0
DA:44,0
DA:57,0
DA:59,0
DA:73,0
DA:75,0
DA:88,0
DA:90,0
DA:102,0
DA:104,0
DA:118,0
DA:120,0
DA:131,0
DA:133,0
DA:143,0
DA:145,0
LF:21
LH:0
BRF:0
BRH:0
end_of_record
TN:
SF:src/components/atoms/button/CustomButton.js
FN:6,(anonymous_0)
FNF:1
FNH:1
FNDA:9,(anonymous_0)
DA:6,2
DA:7,9
DA:8,9
LF:3
LH:3
BRF:0
BRH:0
end_of_record
TN:
SF:src/components/atoms/button/CustomButton.stories.js
FN:12,(anonymous_0)
FNF:1
FNH:0
FNDA:0,(anonymous_0)
DA:12,0
DA:14,0
DA:15,0
DA:22,0
DA:23,0
LF:5
LH:0
BRF:0
BRH:0
end_of_record
TN:
SF:src/components/atoms/icons/CustomisedIcon.jsx
FN:5,(anonymous_0)
FN:13,CustomisedIcon
FNF:2
FNH:0
FNDA:0,(anonymous_0)
FNDA:0,CustomisedIcon
DA:5,0
DA:15,0
LF:2
LH:0
BRF:0
BRH:0
end_of_record
TN:
SF:src/components/atoms/stepperTab/CustomStepperTab.js
FN:27,(anonymous_0)
FN:44,HorizontalLinearStepper
FN:49,(anonymous_2)
FN:53,(anonymous_3)
FN:57,(anonymous_4)
FN:64,(anonymous_5)
FN:68,(anonymous_6)
FN:69,(anonymous_7)
FN:72,(anonymous_8)
FN:79,(anonymous_9)
FN:80,(anonymous_10)
FN:87,(anonymous_11)
FN:95,(anonymous_12)
FNF:13
FNH:0
FNDA:0,(anonymous_0)
FNDA:0,HorizontalLinearStepper
FNDA:0,(anonymous_2)
FNDA:0,(anonymous_3)
FNDA:0,(anonymous_4)
FNDA:0,(anonymous_5)
FNDA:0,(anonymous_6)
FNDA:0,(anonymous_7)
FNDA:0,(anonymous_8)
FNDA:0,(anonymous_9)
FNDA:0,(anonymous_10)
FNDA:0,(anonymous_11)
FNDA:0,(anonymous_12)
DA:9,0
DA:27,0
DA:45,0
DA:46,0
DA:47,0
DA:49,0
DA:50,0
DA:53,0
DA:54,0
DA:57,0
DA:58,0
DA:59,0
DA:60,0
DA:61,0
DA:64,0
DA:65,0
DA:68,0
DA:69,0
DA:72,0
DA:73,0
DA:76,0
DA:79,0
DA:80,0
DA:81,0
DA:82,0
DA:83,0
DA:87,0
DA:88,0
DA:91,0
DA:96,0
DA:97,0
DA:99,0
DA:100,0
DA:102,0
LF:34
LH:0
BRDA:59,0,0,0
BRDA:59,0,1,0
BRDA:73,1,0,0
BRDA:73,1,1,0
BRDA:99,2,0,0
BRDA:99,2,1,0
BRF:6
BRH:0
end_of_record
TN:
SF:src/components/atoms/stepperTab/CustomStepperTab.stories.js
FN:8,(anonymous_0)
FNF:1
FNH:0
FNDA:0,(anonymous_0)
DA:8,0
DA:10,0
DA:11,0
LF:3
LH:0
BRF:0
BRH:0
end_of_record
TN:
SF:src/components/molecules/CustomTextField/CustomTextField.js
FN:7,(anonymous_0)
FNF:1
FNH:1
FNDA:1,(anonymous_0)
DA:7,1
DA:9,1
LF:2
LH:2
BRF:0
BRH:0
end_of_record
TN:
SF:src/components/molecules/CustomTextField/CustomTextField.stories.js
FN:9,(anonymous_0)
FNF:1
FNH:0
FNDA:0,(anonymous_0)
DA:9,0
DA:10,0
DA:12,0
LF:3
LH:0
BRF:0
BRH:0
end_of_record
TN:
SF:src/components/molecules/DescriptionCard/DescriptionCard.js
FN:7,(anonymous_0)
FNF:1
FNH:1
FNDA:2,(anonymous_0)
DA:7,1
DA:9,2
LF:2
LH:2
BRF:0
BRH:0
end_of_record
TN:
SF:src/components/molecules/DescriptionCard/DescriptionCard.stories.js
FN:9,(anonymous_0)
FNF:1
FNH:0
FNDA:0,(anonymous_0)
DA:9,0
DA:11,0
DA:14,0
DA:20,0
DA:23,0
LF:5
LH:0
BRF:0
BRH:0
end_of_record
TN:
SF:src/components/molecules/DescriptionList/DescriptionList.js
FN:7,(anonymous_0)
FN:8,(anonymous_1)
FN:27,(anonymous_2)
FNF:3
FNH:2
FNDA:16,(anonymous_0)
FNDA:16,(anonymous_1)
FNDA:0,(anonymous_2)
DA:7,1
DA:8,16
DA:19,16
DA:20,16
DA:21,0
DA:22,0
DA:28,0
LF:7
LH:4
BRF:0
BRH:0
end_of_record
TN:
SF:src/components/molecules/DescriptionList/DescriptionList.stories.js
FN:9,(anonymous_0)
FNF:1
FNH:0
FNDA:0,(anonymous_0)
DA:9,0
DA:11,0
DA:14,0
LF:3
LH:0
BRF:0
BRH:0
end_of_record
TN:
SF:src/components/molecules/FilterBox/FilterBox.js
FN:89,(anonymous_0)
FN:102,(anonymous_1)
FN:288,(anonymous_2)
FN:295,(anonymous_3)
FN:315,(anonymous_4)
FN:322,FilterBox
FN:326,(anonymous_6)
FN:329,(anonymous_7)
FN:335,(anonymous_8)
FN:344,(anonymous_9)
FN:352,(anonymous_10)
FN:357,(anonymous_11)
FN:365,(anonymous_12)
FN:365,(anonymous_13)
FNF:14
FNH:0
FNDA:0,(anonymous_0)
FNDA:0,(anonymous_1)
FNDA:0,(anonymous_2)
FNDA:0,(anonymous_3)
FNDA:0,(anonymous_4)
FNDA:0,FilterBox
FNDA:0,(anonymous_6)
FNDA:0,(anonymous_7)
FNDA:0,(anonymous_8)
FNDA:0,(anonymous_9)
FNDA:0,(anonymous_10)
FNDA:0,(anonymous_11)
FNDA:0,(anonymous_12)
FNDA:0,(anonymous_13)
DA:89,0
DA:102,0
DA:151,0
DA:279,0
DA:288,0
DA:295,0
DA:296,0
DA:297,0
DA:298,0
DA:315,0
DA:323,0
DA:324,0
DA:326,0
DA:327,0
DA:329,0
DA:330,0
DA:334,0
DA:335,0
DA:336,0
DA:337,0
DA:338,0
DA:339,0
DA:340,0
DA:344,0
DA:345,0
DA:346,0
DA:352,0
DA:357,0
DA:358,0
DA:360,0
DA:365,0
DA:366,0
DA:369,0
LF:33
LH:0
BRDA:301,0,0,0
BRDA:301,0,1,0
BRDA:337,1,0,0
BRDA:337,1,1,0
BRF:4
BRH:0
end_of_record
TN:
SF:src/components/molecules/FilterBox/FilterBox.stories.js
FN:10,(anonymous_0)
FNF:1
FNH:0
FNDA:0,(anonymous_0)
DA:10,0
DA:12,0
DA:15,0
LF:3
LH:0
BRF:0
BRH:0
end_of_record
TN:
SF:src/components/molecules/FilterOptions/FilterOptions.js
FN:12,FilterOptions
FN:13,(anonymous_1)
FN:78,(anonymous_2)
FN:85,(anonymous_3)
FN:92,(anonymous_4)
FN:95,(anonymous_5)
FN:102,(anonymous_6)
FN:112,(anonymous_7)
FN:116,(anonymous_8)
FNF:9
FNH:3
FNDA:6,FilterOptions
FNDA:6,(anonymous_1)
FNDA:0,(anonymous_2)
FNDA:0,(anonymous_3)
FNDA:0,(anonymous_4)
FNDA:0,(anonymous_5)
FNDA:6,(anonymous_6)
FNDA:0,(anonymous_7)
FNDA:0,(anonymous_8)
DA:13,6
DA:77,6
DA:78,6
DA:81,0
DA:84,6
DA:85,6
DA:86,0
DA:87,0
DA:88,0
DA:92,6
DA:93,0
DA:95,0
DA:97,0
DA:98,0
DA:99,0
DA:102,6
DA:103,6
DA:106,6
DA:107,6
DA:108,6
DA:113,0
DA:116,0
LF:22
LH:11
BRF:0
BRH:0
end_of_record
TN:
SF:src/components/molecules/JobCard/JobCard.js
FN:107,JobCard
FN:156,(anonymous_1)
FNF:2
FNH:0
FNDA:0,JobCard
FNDA:0,(anonymous_1)
DA:16,0
DA:114,0
DA:115,0
DA:157,0
LF:4
LH:0
BRDA:156,0,0,0
BRDA:156,0,1,0
BRF:2
BRH:0
end_of_record
TN:
SF:src/components/molecules/JobCard/JobCard.stories.js
FN:15,(anonymous_0)
FNF:1
FNH:0
FNDA:0,(anonymous_0)
DA:15,0
DA:17,0
DA:20,0
LF:3
LH:0
BRF:0
BRH:0
end_of_record
TN:
SF:src/components/molecules/JobCardInfo/JobCardInfo.js
FN:9,(anonymous_0)
FN:11,(anonymous_1)
FNF:2
FNH:0
FNDA:0,(anonymous_0)
FNDA:0,(anonymous_1)
DA:9,0
DA:11,0
DA:42,0
DA:44,0
LF:4
LH:0
BRF:0
BRH:0
end_of_record
TN:
SF:src/components/molecules/JobCardInfo/JobCardInfo.stories.js
FN:9,(anonymous_0)
FNF:1
FNH:0
FNDA:0,(anonymous_0)
DA:9,0
DA:11,0
DA:14,0
LF:3
LH:0
BRF:0
BRH:0
end_of_record
TN:
SF:src/components/molecules/JobCardsmall/JobCardSmall.js
FN:108,JobCard
FN:150,(anonymous_1)
FNF:2
FNH:0
FNDA:0,JobCard
FNDA:0,(anonymous_1)
DA:16,0
DA:115,0
DA:116,0
DA:151,0
LF:4
LH:0
BRDA:150,0,0,0
BRDA:150,0,1,0
BRF:2
BRH:0
end_of_record
TN:
SF:src/components/molecules/JobCardsmall/JobCardSmall.stories.js
FN:15,(anonymous_0)
FNF:1
FNH:0
FNDA:0,(anonymous_0)
DA:15,0
DA:17,0
DA:20,0
LF:3
LH:0
BRF:0
BRH:0
end_of_record
TN:
SF:src/components/molecules/LocationListItem/LocationListItem.js
FN:17,(anonymous_0)
FN:34,LocationListItem
FNF:2
FNH:0
FNDA:0,(anonymous_0)
FNDA:0,LocationListItem
DA:17,0
DA:37,0
DA:39,0
LF:3
LH:0
BRF:0
BRH:0
end_of_record
TN:
SF:src/components/molecules/LocationListItem/LocationListItem.stories.js
FN:9,(anonymous_0)
FNF:1
FNH:0
FNDA:0,(anonymous_0)
DA:9,0
DA:11,0
DA:14,0
LF:3
LH:0
BRF:0
BRH:0
end_of_record
TN:
SF:src/components/molecules/MapCardInfo/MapCardInfo.js
FN:16,(anonymous_0)
FN:111,JobCardInfo
FNF:2
FNH:0
FNDA:0,(anonymous_0)
FNDA:0,JobCardInfo
DA:16,0
DA:115,0
DA:117,0
LF:3
LH:0
BRF:0
BRH:0
end_of_record
TN:
SF:src/components/molecules/MapCardInfo/MapCardInfo.stories.js
FN:9,(anonymous_0)
FNF:1
FNH:0
FNDA:0,(anonymous_0)
DA:9,0
DA:11,0
DA:14,0
LF:3
LH:0
BRF:0
BRH:0
end_of_record
TN:
SF:src/components/molecules/MyListItem/MyListItem.js
FN:6,(anonymous_0)
FNF:1
FNH:0
FNDA:0,(anonymous_0)
DA:6,0
DA:8,0
LF:2
LH:0
BRF:0
BRH:0
end_of_record
TN:
SF:src/components/molecules/MyListItem/MyListItem.stories.js
FN:11,(anonymous_0)
FNF:1
FNH:0
FNDA:0,(anonymous_0)
DA:11,0
DA:13,0
DA:15,0
DA:21,0
DA:24,0
LF:5
LH:0
BRF:0
BRH:0
end_of_record
TN:
SF:src/components/molecules/ProfileItem/ProfileItem.js
FN:19,ProfileItem
FN:21,(anonymous_1)
FNF:2
FNH:0
FNDA:0,ProfileItem
FNDA:0,(anonymous_1)
DA:21,0
DA:50,0
DA:52,0
LF:3
LH:0
BRF:0
BRH:0
end_of_record
TN:
SF:src/components/molecules/ProfileItem/ProfileItem.stories.js
FN:10,(anonymous_0)
FNF:1
FNH:0
FNDA:0,(anonymous_0)
DA:10,0
DA:12,0
DA:15,0
LF:3
LH:0
BRF:0
BRH:0
end_of_record
TN:
SF:src/components/molecules/TravelInfoCard/TravelInfoCard.js
FN:21,TabPanel
FN:49,allyProps
FN:57,(anonymous_2)
FN:165,JobCardInfo
FN:172,(anonymous_4)
FNF:5
FNH:0
FNDA:0,TabPanel
FNDA:0,allyProps
FNDA:0,(anonymous_2)
FNDA:0,JobCardInfo
FNDA:0,(anonymous_4)
DA:22,0
DA:24,0
DA:43,0
DA:50,0
DA:57,0
DA:169,0
DA:170,0
DA:172,0
DA:173,0
DA:176,0
LF:10
LH:0
BRDA:33,0,0,0
BRDA:33,0,1,0
BRF:2
BRH:0
end_of_record
TN:
SF:src/components/molecules/TravelInfoCard/TravelInfoCard.stories.js
FN:9,(anonymous_0)
FNF:1
FNH:0
FNDA:0,(anonymous_0)
DA:9,0
DA:11,0
DA:14,0
LF:3
LH:0
BRF:0
BRH:0
end_of_record
TN:
SF:src/components/molecules/TravelOptionCard/TravelOptionCard.js
FN:10,(anonymous_0)
FN:75,JobCardInfo
FNF:2
FNH:0
FNDA:0,(anonymous_0)
FNDA:0,JobCardInfo
DA:10,0
DA:78,0
DA:80,0
LF:3
LH:0
BRF:0
BRH:0
end_of_record
TN:
SF:src/components/molecules/TravelOptionCard/TravelOptionCard.stories.js
FN:9,(anonymous_0)
FNF:1
FNH:0
FNDA:0,(anonymous_0)
DA:9,0
DA:11,0
DA:13,0
DA:19,0
DA:21,0
LF:5
LH:0
BRF:0
BRH:0
end_of_record
TN:
SF:src/components/molecules/aqi/aqi.js
FN:7,AQI
FN:18,(anonymous_1)
FNF:2
FNH:1
FNDA:5,AQI
FNDA:0,(anonymous_1)
DA:8,5
DA:19,0
LF:2
LH:1
BRDA:18,0,0,5
BRDA:18,0,1,0
BRDA:18,0,2,0
BRF:3
BRH:1
end_of_record
TN:
SF:src/components/molecules/aqi/aqi.stories.js
FN:11,(anonymous_0)
FNF:1
FNH:0
FNDA:0,(anonymous_0)
DA:11,0
DA:13,0
DA:14,0
DA:40,0
DA:41,0
LF:5
LH:0
BRF:0
BRH:0
end_of_record
TN:
SF:src/components/molecules/select/select.js
FN:174,CustomizedHook
FN:177,(anonymous_1)
FN:236,(anonymous_2)
FN:249,(anonymous_3)
FN:258,(anonymous_4)
FNF:5
FNH:0
FNDA:0,CustomizedHook
FNDA:0,(anonymous_1)
FNDA:0,(anonymous_2)
FNDA:0,(anonymous_3)
FNDA:0,(anonymous_4)
DA:10,0
DA:16,0
DA:105,0
DA:126,0
DA:175,0
DA:177,0
DA:178,0
DA:219,0
DA:231,0
DA:236,0
DA:238,0
DA:239,0
DA:240,0
DA:250,0
DA:259,0
DA:285,0
LF:16
LH:0
BRDA:245,0,0,0
BRDA:245,0,1,0
BRDA:256,1,0,0
BRDA:256,1,1,0
BRDA:256,2,0,0
BRDA:256,2,1,0
BRF:6
BRH:0
end_of_record
TN:
SF:src/components/molecules/select/select.stories.js
FN:9,(anonymous_0)
FNF:1
FNH:0
FNDA:0,(anonymous_0)
DA:9,0
DA:10,0
LF:2
LH:0
BRF:0
BRH:0
end_of_record
TN:
SF:src/components/molecules/stepper/CustomStepper.js
FN:33,(anonymous_0)
FN:50,HorizontalLinearStepper
FN:57,(anonymous_2)
FN:61,(anonymous_3)
FN:65,(anonymous_4)
FN:72,(anonymous_5)
FN:76,(anonymous_6)
FN:77,(anonymous_7)
FN:80,(anonymous_8)
FN:87,(anonymous_9)
FN:88,(anonymous_10)
FN:95,(anonymous_11)
FN:103,(anonymous_12)
FNF:13
FNH:0
FNDA:0,(anonymous_0)
FNDA:0,HorizontalLinearStepper
FNDA:0,(anonymous_2)
FNDA:0,(anonymous_3)
FNDA:0,(anonymous_4)
FNDA:0,(anonymous_5)
FNDA:0,(anonymous_6)
FNDA:0,(anonymous_7)
FNDA:0,(anonymous_8)
FNDA:0,(anonymous_9)
FNDA:0,(anonymous_10)
FNDA:0,(anonymous_11)
FNDA:0,(anonymous_12)
DA:15,0
DA:33,0
DA:51,0
DA:52,0
DA:53,0
DA:55,0
DA:57,0
DA:58,0
DA:61,0
DA:62,0
DA:65,0
DA:66,0
DA:67,0
DA:68,0
DA:69,0
DA:72,0
DA:73,0
DA:76,0
DA:77,0
DA:80,0
DA:81,0
DA:84,0
DA:87,0
DA:88,0
DA:89,0
DA:90,0
DA:91,0
DA:95,0
DA:96,0
DA:99,0
DA:104,0
DA:105,0
DA:107,0
DA:108,0
DA:110,0
LF:35
LH:0
BRDA:67,0,0,0
BRDA:67,0,1,0
BRDA:81,1,0,0
BRDA:81,1,1,0
BRDA:107,2,0,0
BRDA:107,2,1,0
BRDA:118,3,0,0
BRDA:118,3,1,0
BRDA:133,4,0,0
BRDA:133,4,1,0
BRDA:150,5,0,0
BRDA:150,5,1,0
BRF:12
BRH:0
end_of_record
TN:
SF:src/components/molecules/stepper/CustomStepper.stories.js
FN:8,(anonymous_0)
FNF:1
FNH:0
FNDA:0,(anonymous_0)
DA:8,0
DA:10,0
DA:11,0
LF:3
LH:0
BRF:0
BRH:0
end_of_record
